#
# There is insufficient memory for the Java Runtime Environment to continue.
# Native memory allocation (mmap) failed to map 264241152 bytes for G1 virtual space
# Possible reasons:
#   The system is out of physical RAM or swap space
#   The process is running with CompressedOops enabled, and the Java Heap may be blocking the growth of the native heap
# Possible solutions:
#   Reduce memory load on the system
#   Increase physical memory or swap space
#   Check if swap backing store is full
#   Decrease Java heap size (-Xmx/-Xms)
#   Decrease number of Java threads
#   Decrease Java thread stack sizes (-Xss)
#   Set larger code cache with -XX:ReservedCodeCacheSize=
#   JVM is running with Zero Based Compressed Oops mode in which the Java heap is
#     placed in the first 32GB address space. The Java Heap base address is the
#     maximum limit for the native heap growth. Please use -XX:HeapBaseMinAddress
#     to set the Java Heap base and to place the Java Heap above 32GB virtual address.
# This output file may be truncated or incomplete.
#
#  Out of Memory Error (os_windows.cpp:3550), pid=4908, tid=13104
#
# JRE version:  (17.0.8+9) (build )
# Java VM: Java HotSpot(TM) 64-Bit Server VM (17.0.8+9-LTS-211, mixed mode, sharing, tiered, compressed oops, compressed class ptrs, g1 gc, windows-amd64)
# No core dump will be written. Minidumps are not enabled by default on client versions of Windows
#

---------------  S U M M A R Y ------------

Command Line: -Xmx4096m -XX:MaxMetaspaceSize=1024m C:\Users\OMARIN~1\AppData\Local\Temp\surefire13298563325806707712\surefirebooter7318911078870293494.jar C:\Users\OMAR INFO\AppData\Local\Temp\surefire13298563325806707712 2024-11-06T05-55-27_515-jvmRun1 surefire7112045706166125138tmp surefire_09612553566998939340tmp

Host: 11th Gen Intel(R) Core(TM) i7-11800H @ 2.30GHz, 16 cores, 15G,  Windows 10 , 64 bit Build 19041 (10.0.19041.5072)
Time: Wed Nov  6 05:55:27 2024 Paris, Madrid elapsed time: 0.008308 seconds (0d 0h 0m 0s)

---------------  T H R E A D  ---------------

Current thread (0x00000209f2e77e80):  JavaThread "Unknown thread" [_thread_in_vm, id=13104, stack(0x000000eb61400000,0x000000eb61500000)]

Stack: [0x000000eb61400000,0x000000eb61500000]
Native frames: (J=compiled Java code, j=interpreted, Vv=VM code, C=native code)
V  [jvm.dll+0x677d0a]
V  [jvm.dll+0x7d8c54]
V  [jvm.dll+0x7da3fe]
V  [jvm.dll+0x7daa63]
V  [jvm.dll+0x245c5f]
V  [jvm.dll+0x674bb9]
V  [jvm.dll+0x6694f2]
V  [jvm.dll+0x3031d6]
V  [jvm.dll+0x30a756]
V  [jvm.dll+0x359f9e]
V  [jvm.dll+0x35a1cf]
V  [jvm.dll+0x2da3e8]
V  [jvm.dll+0x2db354]
V  [jvm.dll+0x7aa711]
V  [jvm.dll+0x367b51]
V  [jvm.dll+0x789979]
V  [jvm.dll+0x3eb05f]
V  [jvm.dll+0x3ecae1]
C  [jli.dll+0x5297]
C  [ucrtbase.dll+0x21bb2]
C  [KERNEL32.DLL+0x17374]
C  [ntdll.dll+0x4cc91]


---------------  P R O C E S S  ---------------

Threads class SMR info:
_java_thread_list=0x00007ffe649259d8, length=0, elements={
}

Java Threads: ( => current thread )

Other Threads:
  0x00000209f2ee5fd0 GCTaskThread "GC Thread#0" [stack: 0x000000eb61500000,0x000000eb61600000] [id=7992]
  0x00000209f2ef6d20 ConcurrentGCThread "G1 Main Marker" [stack: 0x000000eb61600000,0x000000eb61700000] [id=8796]
  0x00000209f2ef7ce0 ConcurrentGCThread "G1 Conc#0" [stack: 0x000000eb61700000,0x000000eb61800000] [id=19200]

[error occurred during error reporting (printing all threads), id 0xc0000005, EXCEPTION_ACCESS_VIOLATION (0xc0000005) at pc=0x00007ffe6415b047]

VM state: not at safepoint (not fully initialized)

VM Mutex/Monitor currently owned by a thread:  ([mutex/lock_event])
[0x00000209f2e726b0] Heap_lock - owner thread: 0x00000209f2e77e80

Heap address: 0x0000000700000000, size: 4096 MB, Compressed Oops mode: Zero based, Oop shift amount: 3

CDS archive(s) mapped at: [0x0000000000000000-0x0000000000000000-0x0000000000000000), size 0, SharedBaseAddress: 0x0000000800000000, ArchiveRelocationMode: 1.
Narrow klass base: 0x0000000000000000, Narrow klass shift: 0, Narrow klass range: 0x0

GC Precious Log:
<Empty>

Heap:
 garbage-first heap   total 0K, used 0K [0x0000000700000000, 0x0000000800000000)
  region size 2048K, 0 young (0K), 0 survivors (0K)

[error occurred during error reporting (printing heap information), id 0xc0000005, EXCEPTION_ACCESS_VIOLATION (0xc0000005) at pc=0x00007ffe64541499]

GC Heap History (0 events):
No events

Deoptimization events (0 events):
No events

Classes unloaded (0 events):
No events

Classes redefined (0 events):
No events

Internal exceptions (0 events):
No events

VM Operations (0 events):
No events

Events (1 events):
Event: 0.004 Loaded shared library C:\Program Files\Java\jdk-17\bin\java.dll


Dynamic libraries:
0x00007ff7e33e0000 - 0x00007ff7e33f0000 	C:\Program Files\Java\jdk-17\bin\java.exe
0x00007ffeaaeb0000 - 0x00007ffeab0a8000 	C:\Windows\SYSTEM32\ntdll.dll
0x00007ffea95f0000 - 0x00007ffea96b2000 	C:\Windows\System32\KERNEL32.DLL
0x00007ffea8ae0000 - 0x00007ffea8dde000 	C:\Windows\System32\KERNELBASE.dll
0x00007ffea8580000 - 0x00007ffea8680000 	C:\Windows\System32\ucrtbase.dll
0x00007ffe761e0000 - 0x00007ffe761fb000 	C:\Program Files\Java\jdk-17\bin\VCRUNTIME140.dll
0x00007ffe74810000 - 0x00007ffe74829000 	C:\Program Files\Java\jdk-17\bin\jli.dll
0x00007ffeaa270000 - 0x00007ffeaa321000 	C:\Windows\System32\ADVAPI32.dll
0x00007ffeaa070000 - 0x00007ffeaa10e000 	C:\Windows\System32\msvcrt.dll
0x00007ffea9e80000 - 0x00007ffea9f1f000 	C:\Windows\System32\sechost.dll
0x00007ffea9160000 - 0x00007ffea9283000 	C:\Windows\System32\RPCRT4.dll
0x00007ffea8680000 - 0x00007ffea86a7000 	C:\Windows\System32\bcrypt.dll
0x00007ffea8fc0000 - 0x00007ffea915d000 	C:\Windows\System32\USER32.dll
0x00007ffea8550000 - 0x00007ffea8572000 	C:\Windows\System32\win32u.dll
0x00007ffe94350000 - 0x00007ffe945ea000 	C:\Windows\WinSxS\amd64_microsoft.windows.common-controls_6595b64144ccf1df_6.0.19041.4355_none_60b8b9eb71f62e16\COMCTL32.dll
0x00007ffeaa040000 - 0x00007ffeaa06b000 	C:\Windows\System32\GDI32.dll
0x00007ffea8740000 - 0x00007ffea8857000 	C:\Windows\System32\gdi32full.dll
0x00007ffea8e30000 - 0x00007ffea8ecd000 	C:\Windows\System32\msvcp_win.dll
0x00007ffea27d0000 - 0x00007ffea27da000 	C:\Windows\SYSTEM32\VERSION.dll
0x00007ffea97f0000 - 0x00007ffea981f000 	C:\Windows\System32\IMM32.DLL
0x00007ffe881f0000 - 0x00007ffe881fc000 	C:\Program Files\Java\jdk-17\bin\vcruntime140_1.dll
0x00007ffe736e0000 - 0x00007ffe7376e000 	C:\Program Files\Java\jdk-17\bin\msvcp140.dll
0x00007ffe63e70000 - 0x00007ffe64a4e000 	C:\Program Files\Java\jdk-17\bin\server\jvm.dll
0x00007ffeaa110000 - 0x00007ffeaa118000 	C:\Windows\System32\PSAPI.DLL
0x00007ffe9a780000 - 0x00007ffe9a7a7000 	C:\Windows\SYSTEM32\WINMM.dll
0x00007ffea20c0000 - 0x00007ffea20c9000 	C:\Windows\SYSTEM32\WSOCK32.dll
0x00007ffea9fd0000 - 0x00007ffeaa03b000 	C:\Windows\System32\WS2_32.dll
0x00007ffea6d60000 - 0x00007ffea6d72000 	C:\Windows\SYSTEM32\kernel.appcore.dll
0x00007ffe87d40000 - 0x00007ffe87d4a000 	C:\Program Files\Java\jdk-17\bin\jimage.dll
0x00007ffea6a50000 - 0x00007ffea6c34000 	C:\Windows\SYSTEM32\DBGHELP.DLL
0x00007ffe72c40000 - 0x00007ffe72c74000 	C:\Windows\SYSTEM32\dbgcore.DLL
0x00007ffea86b0000 - 0x00007ffea8732000 	C:\Windows\System32\bcryptPrimitives.dll
0x00007ffe74450000 - 0x00007ffe74475000 	C:\Program Files\Java\jdk-17\bin\java.dll

dbghelp: loaded successfully - version: 4.0.5 - missing functions: none
symbol engine: initialized successfully - sym options: 0x614 - pdb path: .;C:\Program Files\Java\jdk-17\bin;C:\Windows\SYSTEM32;C:\Windows\WinSxS\amd64_microsoft.windows.common-controls_6595b64144ccf1df_6.0.19041.4355_none_60b8b9eb71f62e16;C:\Program Files\Java\jdk-17\bin\server

VM Arguments:
jvm_args: -Xmx4096m -XX:MaxMetaspaceSize=1024m 
java_command: C:\Users\OMARIN~1\AppData\Local\Temp\surefire13298563325806707712\surefirebooter7318911078870293494.jar C:\Users\OMAR INFO\AppData\Local\Temp\surefire13298563325806707712 2024-11-06T05-55-27_515-jvmRun1 surefire7112045706166125138tmp surefire_09612553566998939340tmp
java_class_path (initial): C:\Users\OMARIN~1\AppData\Local\Temp\surefire13298563325806707712\surefirebooter7318911078870293494.jar
Launcher Type: SUN_STANDARD

[Global flags]
     intx CICompilerCount                          = 12                                        {product} {ergonomic}
   size_t CompressedClassSpaceSize                 = 872415232                                 {product} {ergonomic}
     uint ConcGCThreads                            = 3                                         {product} {ergonomic}
     uint G1ConcRefinementThreads                  = 13                                        {product} {ergonomic}
   size_t G1HeapRegionSize                         = 2097152                                   {product} {ergonomic}
    uintx GCDrainStackTargetSize                   = 64                                        {product} {ergonomic}
   size_t InitialHeapSize                          = 264241152                                 {product} {ergonomic}
   size_t MarkStackSize                            = 4194304                                   {product} {ergonomic}
   size_t MaxHeapSize                              = 4294967296                                {product} {command line}
   size_t MaxMetaspaceSize                         = 1073741824                                {product} {command line}
   size_t MinHeapDeltaBytes                        = 2097152                                   {product} {ergonomic}
   size_t MinHeapSize                              = 8388608                                   {product} {ergonomic}
    uintx NonNMethodCodeHeapSize                   = 7602480                                {pd product} {ergonomic}
    uintx NonProfiledCodeHeapSize                  = 122027880                              {pd product} {ergonomic}
    uintx ProfiledCodeHeapSize                     = 122027880                              {pd product} {ergonomic}
    uintx ReservedCodeCacheSize                    = 251658240                              {pd product} {ergonomic}
     bool SegmentedCodeCache                       = true                                      {product} {ergonomic}
   size_t SoftMaxHeapSize                          = 4294967296                             {manageable} {ergonomic}
     bool UseCompressedClassPointers               = true                           {product lp64_product} {ergonomic}
     bool UseCompressedOops                        = true                           {product lp64_product} {ergonomic}
     bool UseG1GC                                  = true                                      {product} {ergonomic}
     bool UseLargePagesIndividualAllocation        = false                                  {pd product} {ergonomic}

Logging:
Log output configuration:
 #0: stdout all=warning uptime,level,tags
 #1: stderr all=off uptime,level,tags

Environment Variables:
PATH=C:\oraclexe\app\oracle\product\10.2.0\server\bin;C:\ProgramData\Oracle\Java\javapath;C:\Program Files\Common Files\Oracle\Java\javapath;C:\Python312\Scripts\;C:\Python312\;C:\Program Files (x86)\VMware\VMware Workstation\bin\;C:\Windows\system32;C:\Windows;C:\Windows\System32\Wbem;C:\Windows\System32\WindowsPowerShell\v1.0\;C:\Windows\System32\OpenSSH\;C:\Program Files\Microsoft SQL Server\150\Tools\Binn\;C:\Program Files\Microsoft SQL Server\Client SDK\ODBC\170\Tools\Binn\;C:\Program Files\dotnet\;C:\Program Files\NVIDIA Corporation\NVIDIA NvDLISR;C:\ProgramData\chocolatey\bin;C:\Program Files (x86)\Microsoft SQL Server\110\Tools\Binn\;C:\Program Files (x86)\Microsoft SQL Server\110\DTS\Binn\;C:\Program Files (x86)\Microsoft SQL Server\110\Tools\Binn\ManagementStudio\;C:\Program Files (x86)\Microsoft Visual Studio 10.0\Common7\IDE\PrivateAssemblies\;C:\Program Files (x86)\NVIDIA Corporation\PhysX\Common;C:\Program Files\nodejs\;C:\Program Files\Git LFS;C:\Program Files\Docker\Docker\resources\bin;C:\Program Files\Vagrant\bin;C:\Program Files\Git\cmd;C:\Users\OMAR INFO\AppData\Local\Microsoft\WindowsApps;C:\Users\OMAR INFO\.dotnet\tools;C:\Program Files\JetBrains\IntelliJ IDEA 2023.2.1\bin;;C:\Users\OMAR INFO\AppData\Local\Programs\Microsoft VS Code\bin;C:\Users\OMAR INFO\AppData\Roaming\npm;C:\Users\OMAR INFO\AppData\Local\GitHubDesktop\bin
USERNAME=OMAR INFO
OS=Windows_NT
PROCESSOR_IDENTIFIER=Intel64 Family 6 Model 141 Stepping 1, GenuineIntel



---------------  S Y S T E M  ---------------

OS:
 Windows 10 , 64 bit Build 19041 (10.0.19041.5072)
OS uptime: 0 days 1:11 hours
Hyper-V role detected

CPU: total 16 (initial active 16) (8 cores per cpu, 2 threads per core) family 6 model 141 stepping 1 microcode 0x26, cx8, cmov, fxsr, ht, mmx, 3dnowpref, sse, sse2, sse3, ssse3, sse4.1, sse4.2, popcnt, lzcnt, tsc, tscinvbit, avx, avx2, aes, erms, clmul, bmi1, bmi2, adx, avx512f, avx512dq, avx512cd, avx512bw, avx512vl, sha, fma, vzeroupper, avx512_vpopcntdq, avx512_vpclmulqdq, avx512_vaes, avx512_vnni, clflush, clflushopt, clwb, avx512_vbmi2, avx512_vbmi, hv

Memory: 4k page, system-wide physical 16085M (568M free)
TotalPageFile size 23385M (AvailPageFile size 249M)
current process WorkingSet (physical memory assigned to process): 11M, peak: 11M
current process commit charge ("private bytes"): 70M, peak: 322M

vm_info: Java HotSpot(TM) 64-Bit Server VM (17.0.8+9-LTS-211) for windows-amd64 JRE (17.0.8+9-LTS-211), built on Jun 14 2023 10:34:31 by "mach5one" with MS VC++ 17.1 (VS2022)

END.
