#
# There is insufficient memory for the Java Runtime Environment to continue.
# Native memory allocation (mmap) failed to map 264241152 bytes for G1 virtual space
# Possible reasons:
#   The system is out of physical RAM or swap space
#   The process is running with CompressedOops enabled, and the Java Heap may be blocking the growth of the native heap
# Possible solutions:
#   Reduce memory load on the system
#   Increase physical memory or swap space
#   Check if swap backing store is full
#   Decrease Java heap size (-Xmx/-Xms)
#   Decrease number of Java threads
#   Decrease Java thread stack sizes (-Xss)
#   Set larger code cache with -XX:ReservedCodeCacheSize=
#   JVM is running with Zero Based Compressed Oops mode in which the Java heap is
#     placed in the first 32GB address space. The Java Heap base address is the
#     maximum limit for the native heap growth. Please use -XX:HeapBaseMinAddress
#     to set the Java Heap base and to place the Java Heap above 32GB virtual address.
# This output file may be truncated or incomplete.
#
#  Out of Memory Error (os_windows.cpp:3829), pid=7248, tid=9108
#
# JRE version:  (17.0.8+7) (build )
# Java VM: OpenJDK 64-Bit Server VM (17.0.8+7-b1000.8, mixed mode, sharing, tiered, compressed oops, compressed class ptrs, g1 gc, windows-amd64)
# No core dump will be written. Minidumps are not enabled by default on client versions of Windows
#

---------------  S U M M A R Y ------------

Command Line: git4idea.http.GitAskPassApp Username for 'https://github.com': 

Host: 11th Gen Intel(R) Core(TM) i7-11800H @ 2.30GHz, 16 cores, 15G,  Windows 10 , 64 bit Build 19041 (10.0.19041.5072)
Time: Wed Nov  6 14:48:32 2024 Paris, Madrid elapsed time: 0.011198 seconds (0d 0h 0m 0s)

---------------  T H R E A D  ---------------

Current thread (0x0000020fe6b22890):  JavaThread "Unknown thread" [_thread_in_vm, id=9108, stack(0x000000f39eb00000,0x000000f39ec00000)]

Stack: [0x000000f39eb00000,0x000000f39ec00000]
Native frames: (J=compiled Java code, j=interpreted, Vv=VM code, C=native code)
V  [jvm.dll+0x6852da]
V  [jvm.dll+0x844c84]
V  [jvm.dll+0x84659e]
V  [jvm.dll+0x846c03]
V  [jvm.dll+0x24b7cf]
V  [jvm.dll+0x682049]
V  [jvm.dll+0x67671a]
V  [jvm.dll+0x30be2b]
V  [jvm.dll+0x3132d6]
V  [jvm.dll+0x36302e]
V  [jvm.dll+0x36325f]
V  [jvm.dll+0x2e1f48]
V  [jvm.dll+0x2e2eb4]
V  [jvm.dll+0x815c11]
V  [jvm.dll+0x370df1]
V  [jvm.dll+0x7f4fdc]
V  [jvm.dll+0x3f3f1f]
V  [jvm.dll+0x3f5b31]
C  [jli.dll+0x528f]
C  [ucrtbase.dll+0x21bb2]
C  [KERNEL32.DLL+0x17374]
C  [ntdll.dll+0x4cc91]


---------------  P R O C E S S  ---------------

Threads class SMR info:
_java_thread_list=0x00007ffecacc0098, length=0, elements={
}

Java Threads: ( => current thread )

Other Threads:
  0x0000020fe6b8c060 GCTaskThread "GC Thread#0" [stack: 0x000000f39ec00000,0x000000f39ed00000] [id=18872]
  0x0000020fe6b9cb00 ConcurrentGCThread "G1 Main Marker" [stack: 0x000000f39ed00000,0x000000f39ee00000] [id=3980]
  0x0000020fe6b9d510 ConcurrentGCThread "G1 Conc#0" [stack: 0x000000f39ee00000,0x000000f39ef00000] [id=18472]

[error occurred during error reporting (printing all threads), id 0xc0000005, EXCEPTION_ACCESS_VIOLATION (0xc0000005) at pc=0x00007ffeca472ab7]

VM state: not at safepoint (not fully initialized)

VM Mutex/Monitor currently owned by a thread:  ([mutex/lock_event])
[0x0000020fe6b20d50] Heap_lock - owner thread: 0x0000020fe6b22890

Heap address: 0x0000000704a00000, size: 4022 MB, Compressed Oops mode: Zero based, Oop shift amount: 3

CDS archive(s) mapped at: [0x0000000000000000-0x0000000000000000-0x0000000000000000), size 0, SharedBaseAddress: 0x0000000800000000, ArchiveRelocationMode: 1.
Narrow klass base: 0x0000000000000000, Narrow klass shift: 0, Narrow klass range: 0x0

GC Precious Log:
<Empty>

Heap:
 garbage-first heap   total 0K, used 0K [0x0000000704a00000, 0x0000000800000000)
  region size 2048K, 0 young (0K), 0 survivors (0K)
 Metaspace       used 0K, committed 0K, reserved 0K
  class space    used 0K, committed 0K, reserved 0K

Heap Regions: E=young(eden), S=young(survivor), O=old, HS=humongous(starts), HC=humongous(continues), CS=collection set, F=free, OA=open archive, CA=closed archive, TAMS=top-at-mark-start (previous, next)

Card table byte_map: [0x0000020ffa2f0000,0x0000020ffaad0000] _byte_map_base: 0x0000020ff6acb000

Marking Bits (Prev, Next): (CMBitMap*) 0x0000020fe6b8c680, (CMBitMap*) 0x0000020fe6b8c6c0
 Prev Bits: [0x0000020ffb2b0000, 0x0000020fff188000)
 Next Bits: [0x0000020f80000000, 0x0000020f83ed8000)

GC Heap History (0 events):
No events

Dll operation events (1 events):
Event: 0.005 Loaded shared library C:\Program Files\JetBrains\IntelliJ IDEA 2023.2.1\jbr\bin\java.dll

Deoptimization events (0 events):
No events

Classes unloaded (0 events):
No events

Classes redefined (0 events):
No events

Internal exceptions (0 events):
No events

VM Operations (0 events):
No events

Events (0 events):
No events


Dynamic libraries:
0x00007ff7705e0000 - 0x00007ff7705ea000 	C:\Program Files\JetBrains\IntelliJ IDEA 2023.2.1\jbr\bin\java.exe
0x00007fff1acd0000 - 0x00007fff1aec8000 	C:\Windows\SYSTEM32\ntdll.dll
0x00007fff195e0000 - 0x00007fff196a2000 	C:\Windows\System32\KERNEL32.DLL
0x00007fff184e0000 - 0x00007fff187de000 	C:\Windows\System32\KERNELBASE.dll
0x00007fff18870000 - 0x00007fff18970000 	C:\Windows\System32\ucrtbase.dll
0x00007ffecf9f0000 - 0x00007ffecfa0b000 	C:\Program Files\JetBrains\IntelliJ IDEA 2023.2.1\jbr\bin\VCRUNTIME140.dll
0x00007ffed5ff0000 - 0x00007ffed6007000 	C:\Program Files\JetBrains\IntelliJ IDEA 2023.2.1\jbr\bin\jli.dll
0x00007fff1a9d0000 - 0x00007fff1ab6d000 	C:\Windows\System32\USER32.dll
0x00007fff18c50000 - 0x00007fff18c72000 	C:\Windows\System32\win32u.dll
0x00007fff03f50000 - 0x00007fff041ea000 	C:\Windows\WinSxS\amd64_microsoft.windows.common-controls_6595b64144ccf1df_6.0.19041.4355_none_60b8b9eb71f62e16\COMCTL32.dll
0x00007fff19470000 - 0x00007fff1949b000 	C:\Windows\System32\GDI32.dll
0x00007fff183c0000 - 0x00007fff184d7000 	C:\Windows\System32\gdi32full.dll
0x00007fff1a930000 - 0x00007fff1a9ce000 	C:\Windows\System32\msvcrt.dll
0x00007fff18a20000 - 0x00007fff18abd000 	C:\Windows\System32\msvcp_win.dll
0x00007fff196b0000 - 0x00007fff196df000 	C:\Windows\System32\IMM32.DLL
0x00007ffed3ec0000 - 0x00007ffed3ecc000 	C:\Program Files\JetBrains\IntelliJ IDEA 2023.2.1\jbr\bin\vcruntime140_1.dll
0x00007ffecf960000 - 0x00007ffecf9ed000 	C:\Program Files\JetBrains\IntelliJ IDEA 2023.2.1\jbr\bin\msvcp140.dll
0x00007ffeca180000 - 0x00007ffecae03000 	C:\Program Files\JetBrains\IntelliJ IDEA 2023.2.1\jbr\bin\server\jvm.dll
0x00007fff1a0d0000 - 0x00007fff1a181000 	C:\Windows\System32\ADVAPI32.dll
0x00007fff1a190000 - 0x00007fff1a22f000 	C:\Windows\System32\sechost.dll
0x00007fff19340000 - 0x00007fff19463000 	C:\Windows\System32\RPCRT4.dll
0x00007fff18c20000 - 0x00007fff18c47000 	C:\Windows\System32\bcrypt.dll
0x00007fff178b0000 - 0x00007fff178fb000 	C:\Windows\SYSTEM32\POWRPROF.dll
0x00007ffef81a0000 - 0x00007ffef81a9000 	C:\Windows\SYSTEM32\WSOCK32.dll
0x00007fff19e70000 - 0x00007fff19edb000 	C:\Windows\System32\WS2_32.dll
0x00007fff05a50000 - 0x00007fff05a77000 	C:\Windows\SYSTEM32\WINMM.dll
0x00007fff113d0000 - 0x00007fff113da000 	C:\Windows\SYSTEM32\VERSION.dll
0x00007fff17730000 - 0x00007fff17742000 	C:\Windows\SYSTEM32\UMPDC.dll
0x00007fff16ba0000 - 0x00007fff16bb2000 	C:\Windows\SYSTEM32\kernel.appcore.dll
0x00007ffee5550000 - 0x00007ffee555a000 	C:\Program Files\JetBrains\IntelliJ IDEA 2023.2.1\jbr\bin\jimage.dll
0x00007fff160c0000 - 0x00007fff162a4000 	C:\Windows\SYSTEM32\DBGHELP.DLL
0x00007ffee2410000 - 0x00007ffee2444000 	C:\Windows\SYSTEM32\dbgcore.DLL
0x00007fff187e0000 - 0x00007fff18862000 	C:\Windows\System32\bcryptPrimitives.dll
0x00007ffedf640000 - 0x00007ffedf665000 	C:\Program Files\JetBrains\IntelliJ IDEA 2023.2.1\jbr\bin\java.dll

dbghelp: loaded successfully - version: 4.0.5 - missing functions: none
symbol engine: initialized successfully - sym options: 0x614 - pdb path: .;C:\Program Files\JetBrains\IntelliJ IDEA 2023.2.1\jbr\bin;C:\Windows\SYSTEM32;C:\Windows\WinSxS\amd64_microsoft.windows.common-controls_6595b64144ccf1df_6.0.19041.4355_none_60b8b9eb71f62e16;C:\Program Files\JetBrains\IntelliJ IDEA 2023.2.1\jbr\bin\server

VM Arguments:
java_command: git4idea.http.GitAskPassApp Username for 'https://github.com': 
java_class_path (initial): C:/Program Files/JetBrains/IntelliJ IDEA 2023.2.1/plugins/vcs-git/lib/git4idea-rt.jar;C:/Program Files/JetBrains/IntelliJ IDEA 2023.2.1/lib/externalProcess-rt.jar
Launcher Type: SUN_STANDARD

[Global flags]
     intx CICompilerCount                          = 12                                        {product} {ergonomic}
     uint ConcGCThreads                            = 3                                         {product} {ergonomic}
     uint G1ConcRefinementThreads                  = 13                                        {product} {ergonomic}
   size_t G1HeapRegionSize                         = 2097152                                   {product} {ergonomic}
    uintx GCDrainStackTargetSize                   = 64                                        {product} {ergonomic}
   size_t InitialHeapSize                          = 264241152                                 {product} {ergonomic}
   size_t MarkStackSize                            = 4194304                                   {product} {ergonomic}
   size_t MaxHeapSize                              = 4217372672                                {product} {ergonomic}
   size_t MinHeapDeltaBytes                        = 2097152                                   {product} {ergonomic}
   size_t MinHeapSize                              = 8388608                                   {product} {ergonomic}
    uintx NonNMethodCodeHeapSize                   = 7602480                                {pd product} {ergonomic}
    uintx NonProfiledCodeHeapSize                  = 122027880                              {pd product} {ergonomic}
    uintx ProfiledCodeHeapSize                     = 122027880                              {pd product} {ergonomic}
    uintx ReservedCodeCacheSize                    = 251658240                              {pd product} {ergonomic}
     bool SegmentedCodeCache                       = true                                      {product} {ergonomic}
   size_t SoftMaxHeapSize                          = 4217372672                             {manageable} {ergonomic}
     bool UseCompressedClassPointers               = true                           {product lp64_product} {ergonomic}
     bool UseCompressedOops                        = true                           {product lp64_product} {ergonomic}
     bool UseG1GC                                  = true                                      {product} {ergonomic}
     bool UseLargePagesIndividualAllocation        = false                                  {pd product} {ergonomic}

Logging:
Log output configuration:
 #0: stdout all=warning uptime,level,tags
 #1: stderr all=off uptime,level,tags

Environment Variables:
PATH=C:\Program Files\Git\mingw64\libexec\git-core;C:\Program Files\Git\mingw64\libexec\git-core;C:\Program Files\Git\mingw64\bin;C:\Program Files\Git\usr\bin;C:\Users\OMAR INFO\bin;C:\oraclexe\app\oracle\product\10.2.0\server\bin;C:\ProgramData\Oracle\Java\javapath;C:\Program Files\Common Files\Oracle\Java\javapath;C:\Python312\Scripts;C:\Python312;C:\Program Files (x86)\VMware\VMware Workstation\bin;C:\Windows\system32;C:\Windows;C:\Windows\System32\Wbem;C:\Windows\System32\WindowsPowerShell\v1.0;C:\Windows\System32\OpenSSH;C:\Program Files\Microsoft SQL Server\150\Tools\Binn;C:\Program Files\Microsoft SQL Server\Client SDK\ODBC\170\Tools\Binn;C:\Program Files\dotnet;C:\Program Files\NVIDIA Corporation\NVIDIA NvDLISR;C:\ProgramData\chocolatey\bin;C:\Program Files (x86)\Microsoft SQL Server\110\Tools\Binn;C:\Program Files (x86)\Microsoft SQL Server\110\DTS\Binn;C:\Program Files (x86)\Microsoft SQL Server\110\Tools\Binn\ManagementStudio;C:\Program Files (x86)\Microsoft Visual Studio 10.0\Common7\IDE\PrivateAssemblies;C:\Program Files (x86)\NVIDIA Corporation\PhysX\Common;C:\Program Files\nodejs;C:\Program Files\Git LFS;C:\Program Files\Docker\Docker\resources\bin;C:\Program Files\Vagrant\bin;C:\Program Files\Git\cmd;C:\Users\OMAR INFO\AppData\Local\Microsoft\WindowsApps;C:\Users\OMAR INFO\.dotnet\tools;C:\Program Files\JetBrains\IntelliJ IDEA 2023.2.1\bin;C:\Users\OMAR INFO\AppData\Local\Programs\Microsoft VS Code\bin;C:\Users\OMAR INFO\AppData\Roaming\npm;C:\Users\OMAR INFO\AppData\Local\GitHubDesktop\bin
USERNAME=OMAR INFO
DISPLAY=:0.0
LC_ALL=en_US.UTF-8
TERM=xterm-256color
TMPDIR=C:\Users\OMARIN~1\AppData\Local\Temp
OS=Windows_NT
PROCESSOR_IDENTIFIER=Intel64 Family 6 Model 141 Stepping 1, GenuineIntel
TMP=C:\Users\OMARIN~1\AppData\Local\Temp
TEMP=C:\Users\OMARIN~1\AppData\Local\Temp


JNI global refs:
JNI global refs: 0, weak refs: 0

JNI global refs memory usage: 0, weak refs: 0

OOME stack traces (most recent first):
Classloader memory used:


---------------  S Y S T E M  ---------------

OS:
 Windows 10 , 64 bit Build 19041 (10.0.19041.5072)
OS uptime: 0 days 7:26 hours
Hyper-V role detected

CPU: total 16 (initial active 16) (8 cores per cpu, 2 threads per core) family 6 model 141 stepping 1 microcode 0x26, cx8, cmov, fxsr, ht, mmx, 3dnowpref, sse, sse2, sse3, ssse3, sse4.1, sse4.2, popcnt, lzcnt, tsc, tscinvbit, avx, avx2, aes, erms, clmul, bmi1, bmi2, adx, avx512f, avx512dq, avx512cd, avx512bw, avx512vl, sha, fma, vzeroupper, avx512_vpopcntdq, avx512_vpclmulqdq, avx512_vaes, avx512_vnni, clflush, clflushopt, clwb, avx512_vbmi2, avx512_vbmi, hv
Processor Information for all 16 processors :
  Max Mhz: 2304, Current Mhz: 2304, Mhz Limit: 2304

Memory: 4k page, system-wide physical 16085M (580M free)
TotalPageFile size 23385M (AvailPageFile size 233M)
current process WorkingSet (physical memory assigned to process): 11M, peak: 11M
current process commit charge ("private bytes"): 70M, peak: 322M

vm_info: OpenJDK 64-Bit Server VM (17.0.8+7-b1000.8) for windows-amd64 JRE (17.0.8+7-b1000.8), built on 2023-08-04 by "builduser" with MS VC++ 16.10 / 16.11 (VS2019)

END.
