#
# There is insufficient memory for the Java Runtime Environment to continue.
# Native memory allocation (malloc) failed to allocate 1163456 bytes for Chunk::new
# Possible reasons:
#   The system is out of physical RAM or swap space
#   The process is running with CompressedOops enabled, and the Java Heap may be blocking the growth of the native heap
# Possible solutions:
#   Reduce memory load on the system
#   Increase physical memory or swap space
#   Check if swap backing store is full
#   Decrease Java heap size (-Xmx/-Xms)
#   Decrease number of Java threads
#   Decrease Java thread stack sizes (-Xss)
#   Set larger code cache with -XX:ReservedCodeCacheSize=
#   JVM is running with Zero Based Compressed Oops mode in which the Java heap is
#     placed in the first 32GB address space. The Java Heap base address is the
#     maximum limit for the native heap growth. Please use -XX:HeapBaseMinAddress
#     to set the Java Heap base and to place the Java Heap above 32GB virtual address.
# This output file may be truncated or incomplete.
#
#  Out of Memory Error (arena.cpp:189), pid=7356, tid=8492
#
# JRE version: Java(TM) SE Runtime Environment (17.0.8+9) (build 17.0.8+9-LTS-211)
# Java VM: Java HotSpot(TM) 64-Bit Server VM (17.0.8+9-LTS-211, mixed mode, sharing, tiered, compressed oops, compressed class ptrs, g1 gc, windows-amd64)
# No core dump will be written. Minidumps are not enabled by default on client versions of Windows
#

---------------  S U M M A R Y ------------

Command Line: -javaagent:C:\\Users\\OMAR INFO\\.m2\\repository\\org\\jacoco\\org.jacoco.agent\\0.8.7\\org.jacoco.agent-0.8.7-runtime.jar=destfile=C:\\Users\\OMAR INFO\\Downloads\\Devops-main\\target\\jacoco.exec C:\Users\OMARIN~1\AppData\Local\Temp\surefire16543036344682793187\surefirebooter2221653218066217397.jar C:\Users\OMAR INFO\AppData\Local\Temp\surefire16543036344682793187 2024-11-06T03-08-08_854-jvmRun1 surefire10389685758721939120tmp surefire_012783129795027811505tmp

Host: 11th Gen Intel(R) Core(TM) i7-11800H @ 2.30GHz, 16 cores, 15G,  Windows 10 , 64 bit Build 19041 (10.0.19041.5072)
Time: Wed Nov  6 03:08:09 2024 Paris, Madrid elapsed time: 0.861588 seconds (0d 0h 0m 0s)

---------------  T H R E A D  ---------------

Current thread (0x000001d4bba16ed0):  JavaThread "C2 CompilerThread0" daemon [_thread_in_native, id=8492, stack(0x000000a2dad00000,0x000000a2dae00000)]


Current CompileTask:
C2:    861 2117 %     4       org.jacoco.agent.rt.internal_3570298.asm.ClassReader::readCode @ 92 (5109 bytes)

Stack: [0x000000a2dad00000,0x000000a2dae00000]
Native frames: (J=compiled Java code, j=interpreted, Vv=VM code, C=native code)
V  [jvm.dll+0x677d0a]
V  [jvm.dll+0x7d8c54]
V  [jvm.dll+0x7da3fe]
V  [jvm.dll+0x7daa63]
V  [jvm.dll+0x245c5f]
V  [jvm.dll+0xaaa6b]
V  [jvm.dll+0xab00c]
V  [jvm.dll+0x2ab5cf]
V  [jvm.dll+0x580435]
V  [jvm.dll+0x220b22]
V  [jvm.dll+0x220eff]
V  [jvm.dll+0x219e56]
V  [jvm.dll+0x217329]
V  [jvm.dll+0x1a3af0]
V  [jvm.dll+0x2270be]
V  [jvm.dll+0x22535b]
V  [jvm.dll+0x78e7bc]
V  [jvm.dll+0x788bba]
V  [jvm.dll+0x676b35]
C  [ucrtbase.dll+0x21bb2]
C  [KERNEL32.DLL+0x17374]
C  [ntdll.dll+0x4cc91]


---------------  P R O C E S S  ---------------

Threads class SMR info:
_java_thread_list=0x000001d4fdeae5a0, length=19, elements={
0x000001d498197af0, 0x000001d4bb8c6ca0, 0x000001d4bb8c7760, 0x000001d4bba0da50,
0x000001d4bba0e510, 0x000001d4bba12df0, 0x000001d4bba146c0, 0x000001d4bba16ed0,
0x000001d4bba17490, 0x000001d4bba19a30, 0x000001d4bb8b1650, 0x000001d4bbb47e60,
0x000001d4bbb4c430, 0x000001d4bbb4ee00, 0x000001d4bbb77a80, 0x000001d4fd710ef0,
0x000001d4fdbfef40, 0x000001d4fdc44f20, 0x000001d4fe2e6a20
}

Java Threads: ( => current thread )
  0x000001d498197af0 JavaThread "main" [_thread_in_vm, id=5440, stack(0x000000a2da000000,0x000000a2da100000)]
  0x000001d4bb8c6ca0 JavaThread "Reference Handler" daemon [_thread_blocked, id=5236, stack(0x000000a2da700000,0x000000a2da800000)]
  0x000001d4bb8c7760 JavaThread "Finalizer" daemon [_thread_blocked, id=8288, stack(0x000000a2da800000,0x000000a2da900000)]
  0x000001d4bba0da50 JavaThread "Signal Dispatcher" daemon [_thread_blocked, id=6052, stack(0x000000a2da900000,0x000000a2daa00000)]
  0x000001d4bba0e510 JavaThread "Attach Listener" daemon [_thread_blocked, id=2644, stack(0x000000a2daa00000,0x000000a2dab00000)]
  0x000001d4bba12df0 JavaThread "Service Thread" daemon [_thread_blocked, id=14140, stack(0x000000a2dab00000,0x000000a2dac00000)]
  0x000001d4bba146c0 JavaThread "Monitor Deflation Thread" daemon [_thread_blocked, id=5908, stack(0x000000a2dac00000,0x000000a2dad00000)]
=>0x000001d4bba16ed0 JavaThread "C2 CompilerThread0" daemon [_thread_in_native, id=8492, stack(0x000000a2dad00000,0x000000a2dae00000)]
  0x000001d4bba17490 JavaThread "C1 CompilerThread0" daemon [_thread_blocked, id=8064, stack(0x000000a2dae00000,0x000000a2daf00000)]
  0x000001d4bba19a30 JavaThread "Sweeper thread" daemon [_thread_blocked, id=7264, stack(0x000000a2daf00000,0x000000a2db000000)]
  0x000001d4bb8b1650 JavaThread "Common-Cleaner" daemon [_thread_blocked, id=12912, stack(0x000000a2db000000,0x000000a2db100000)]
  0x000001d4bbb47e60 JavaThread "C1 CompilerThread1" daemon [_thread_blocked, id=18132, stack(0x000000a2db100000,0x000000a2db200000)]
  0x000001d4bbb4c430 JavaThread "C1 CompilerThread2" daemon [_thread_blocked, id=2136, stack(0x000000a2db200000,0x000000a2db300000)]
  0x000001d4bbb4ee00 JavaThread "C1 CompilerThread3" daemon [_thread_blocked, id=10212, stack(0x000000a2db300000,0x000000a2db400000)]
  0x000001d4bbb77a80 JavaThread "C2 CompilerThread1" daemon [_thread_in_native, id=16464, stack(0x000000a2db400000,0x000000a2db500000)]
  0x000001d4fd710ef0 JavaThread "Notification Thread" daemon [_thread_blocked, id=14280, stack(0x000000a2db500000,0x000000a2db600000)]
  0x000001d4fdbfef40 JavaThread "C2 CompilerThread2" daemon [_thread_in_native, id=11512, stack(0x000000a2db700000,0x000000a2db800000)]
  0x000001d4fdc44f20 JavaThread "surefire-forkedjvm-command-thread" daemon [_thread_in_native, id=3368, stack(0x000000a2db800000,0x000000a2db900000)]
  0x000001d4fe2e6a20 JavaThread "surefire-forkedjvm-ping-30s" daemon [_thread_blocked, id=17824, stack(0x000000a2db900000,0x000000a2dba00000)]

Other Threads:
  0x000001d4bb8c0eb0 VMThread "VM Thread" [stack: 0x000000a2da600000,0x000000a2da700000] [id=13272]
  0x000001d4982653a0 WatcherThread [stack: 0x000000a2db600000,0x000000a2db700000] [id=15212]
  0x000001d498204880 GCTaskThread "GC Thread#0" [stack: 0x000000a2da100000,0x000000a2da200000] [id=7224]
  0x000001d4fdc23ae0 GCTaskThread "GC Thread#1" [stack: 0x000000a2dba00000,0x000000a2dbb00000] [id=16912]
  0x000001d4fdc241a0 GCTaskThread "GC Thread#2" [stack: 0x000000a2dbb00000,0x000000a2dbc00000] [id=12156]
  0x000001d4fd542b90 GCTaskThread "GC Thread#3" [stack: 0x000000a2dbc00000,0x000000a2dbd00000] [id=12336]
  0x000001d4fd543650 GCTaskThread "GC Thread#4" [stack: 0x000000a2dbd00000,0x000000a2dbe00000] [id=17208]
  0x000001d4fdff0be0 GCTaskThread "GC Thread#5" [stack: 0x000000a2dbe00000,0x000000a2dbf00000] [id=5976]
  0x000001d4fedcad30 GCTaskThread "GC Thread#6" [stack: 0x000000a2dbf00000,0x000000a2dc000000] [id=4340]
  0x000001d498215220 ConcurrentGCThread "G1 Main Marker" [stack: 0x000000a2da200000,0x000000a2da300000] [id=7440]
  0x000001d498215b40 ConcurrentGCThread "G1 Conc#0" [stack: 0x000000a2da300000,0x000000a2da400000] [id=10848]
  0x000001d4bb77b6e0 ConcurrentGCThread "G1 Refine#0" [stack: 0x000000a2da400000,0x000000a2da500000] [id=10544]
  0x000001d4bb77c010 ConcurrentGCThread "G1 Service" [stack: 0x000000a2da500000,0x000000a2da600000] [id=9688]

Threads with active compile tasks:
C2 CompilerThread0      880 2117 %     4       org.jacoco.agent.rt.internal_3570298.asm.ClassReader::readCode @ 92 (5109 bytes)
C2 CompilerThread1      880 2119       4       org.jacoco.agent.rt.internal_3570298.asm.commons.AnalyzerAdapter::execute (2009 bytes)
C2 CompilerThread2      880 2183       4       org.jacoco.agent.rt.internal_3570298.asm.MethodWriter::putFrame (549 bytes)

VM state: not at safepoint (normal execution)

VM Mutex/Monitor currently owned by a thread: None

Heap address: 0x0000000704a00000, size: 4022 MB, Compressed Oops mode: Zero based, Oop shift amount: 3

CDS archive(s) mapped at: [0x000001d4bc000000-0x000001d4bcbd0000-0x000001d4bcbd0000), size 12386304, SharedBaseAddress: 0x000001d4bc000000, ArchiveRelocationMode: 1.
Compressed class space mapped at: 0x000001d4bd000000-0x000001d4fd000000, reserved size: 1073741824
Narrow klass base: 0x000001d4bc000000, Narrow klass shift: 0, Narrow klass range: 0x100000000

GC Precious Log:
 CPUs: 16 total, 16 available
 Memory: 16085M
 Large Page Support: Disabled
 NUMA Support: Disabled
 Compressed Oops: Enabled (Zero based)
 Heap Region Size: 2M
 Heap Min Capacity: 8M
 Heap Initial Capacity: 252M
 Heap Max Capacity: 4022M
 Pre-touch: Disabled
 Parallel Workers: 13
 Concurrent Workers: 3
 Concurrent Refinement Workers: 13
 Periodic GC: Disabled

Heap:
 garbage-first heap   total 258048K, used 62941K [0x0000000704a00000, 0x0000000800000000)
  region size 2048K, 29 young (59392K), 1 survivors (2048K)
 Metaspace       used 9044K, committed 9280K, reserved 1114112K
  class space    used 960K, committed 1088K, reserved 1048576K

Heap Regions: E=young(eden), S=young(survivor), O=old, HS=humongous(starts), HC=humongous(continues), CS=collection set, F=free, OA=open archive, CA=closed archive, TAMS=top-at-mark-start (previous, next)
|   0|0x0000000704a00000, 0x0000000704c00000, 0x0000000704c00000|100%| O|  |TAMS 0x0000000704a00000, 0x0000000704a00000| Untracked 
|   1|0x0000000704c00000, 0x0000000704e00000, 0x0000000704e00000|100%| O|  |TAMS 0x0000000704c00000, 0x0000000704c00000| Untracked 
|   2|0x0000000704e00000, 0x0000000705000000, 0x0000000705000000|100%| O|  |TAMS 0x0000000704e00000, 0x0000000704e00000| Untracked 
|   3|0x0000000705000000, 0x00000007050e5200, 0x0000000705200000| 44%| O|  |TAMS 0x0000000705000000, 0x0000000705000000| Untracked 
|   4|0x0000000705200000, 0x0000000705200000, 0x0000000705400000|  0%| F|  |TAMS 0x0000000705200000, 0x0000000705200000| Untracked 
|   5|0x0000000705400000, 0x0000000705400000, 0x0000000705600000|  0%| F|  |TAMS 0x0000000705400000, 0x0000000705400000| Untracked 
|   6|0x0000000705600000, 0x0000000705600000, 0x0000000705800000|  0%| F|  |TAMS 0x0000000705600000, 0x0000000705600000| Untracked 
|   7|0x0000000705800000, 0x0000000705800000, 0x0000000705a00000|  0%| F|  |TAMS 0x0000000705800000, 0x0000000705800000| Untracked 
|   8|0x0000000705a00000, 0x0000000705a00000, 0x0000000705c00000|  0%| F|  |TAMS 0x0000000705a00000, 0x0000000705a00000| Untracked 
|   9|0x0000000705c00000, 0x0000000705c00000, 0x0000000705e00000|  0%| F|  |TAMS 0x0000000705c00000, 0x0000000705c00000| Untracked 
|  10|0x0000000705e00000, 0x0000000705e00000, 0x0000000706000000|  0%| F|  |TAMS 0x0000000705e00000, 0x0000000705e00000| Untracked 
|  11|0x0000000706000000, 0x0000000706000000, 0x0000000706200000|  0%| F|  |TAMS 0x0000000706000000, 0x0000000706000000| Untracked 
|  12|0x0000000706200000, 0x0000000706200000, 0x0000000706400000|  0%| F|  |TAMS 0x0000000706200000, 0x0000000706200000| Untracked 
|  13|0x0000000706400000, 0x0000000706400000, 0x0000000706600000|  0%| F|  |TAMS 0x0000000706400000, 0x0000000706400000| Untracked 
|  14|0x0000000706600000, 0x0000000706600000, 0x0000000706800000|  0%| F|  |TAMS 0x0000000706600000, 0x0000000706600000| Untracked 
|  15|0x0000000706800000, 0x0000000706800000, 0x0000000706a00000|  0%| F|  |TAMS 0x0000000706800000, 0x0000000706800000| Untracked 
|  16|0x0000000706a00000, 0x0000000706a00000, 0x0000000706c00000|  0%| F|  |TAMS 0x0000000706a00000, 0x0000000706a00000| Untracked 
|  17|0x0000000706c00000, 0x0000000706c00000, 0x0000000706e00000|  0%| F|  |TAMS 0x0000000706c00000, 0x0000000706c00000| Untracked 
|  18|0x0000000706e00000, 0x0000000706e00000, 0x0000000707000000|  0%| F|  |TAMS 0x0000000706e00000, 0x0000000706e00000| Untracked 
|  19|0x0000000707000000, 0x0000000707000000, 0x0000000707200000|  0%| F|  |TAMS 0x0000000707000000, 0x0000000707000000| Untracked 
|  20|0x0000000707200000, 0x0000000707200000, 0x0000000707400000|  0%| F|  |TAMS 0x0000000707200000, 0x0000000707200000| Untracked 
|  21|0x0000000707400000, 0x0000000707400000, 0x0000000707600000|  0%| F|  |TAMS 0x0000000707400000, 0x0000000707400000| Untracked 
|  22|0x0000000707600000, 0x0000000707600000, 0x0000000707800000|  0%| F|  |TAMS 0x0000000707600000, 0x0000000707600000| Untracked 
|  23|0x0000000707800000, 0x0000000707800000, 0x0000000707a00000|  0%| F|  |TAMS 0x0000000707800000, 0x0000000707800000| Untracked 
|  24|0x0000000707a00000, 0x0000000707a00000, 0x0000000707c00000|  0%| F|  |TAMS 0x0000000707a00000, 0x0000000707a00000| Untracked 
|  25|0x0000000707c00000, 0x0000000707c00000, 0x0000000707e00000|  0%| F|  |TAMS 0x0000000707c00000, 0x0000000707c00000| Untracked 
|  26|0x0000000707e00000, 0x0000000707e00000, 0x0000000708000000|  0%| F|  |TAMS 0x0000000707e00000, 0x0000000707e00000| Untracked 
|  27|0x0000000708000000, 0x0000000708000000, 0x0000000708200000|  0%| F|  |TAMS 0x0000000708000000, 0x0000000708000000| Untracked 
|  28|0x0000000708200000, 0x0000000708200000, 0x0000000708400000|  0%| F|  |TAMS 0x0000000708200000, 0x0000000708200000| Untracked 
|  29|0x0000000708400000, 0x0000000708400000, 0x0000000708600000|  0%| F|  |TAMS 0x0000000708400000, 0x0000000708400000| Untracked 
|  30|0x0000000708600000, 0x0000000708600000, 0x0000000708800000|  0%| F|  |TAMS 0x0000000708600000, 0x0000000708600000| Untracked 
|  31|0x0000000708800000, 0x0000000708800000, 0x0000000708a00000|  0%| F|  |TAMS 0x0000000708800000, 0x0000000708800000| Untracked 
|  32|0x0000000708a00000, 0x0000000708a00000, 0x0000000708c00000|  0%| F|  |TAMS 0x0000000708a00000, 0x0000000708a00000| Untracked 
|  33|0x0000000708c00000, 0x0000000708c00000, 0x0000000708e00000|  0%| F|  |TAMS 0x0000000708c00000, 0x0000000708c00000| Untracked 
|  34|0x0000000708e00000, 0x0000000708e00000, 0x0000000709000000|  0%| F|  |TAMS 0x0000000708e00000, 0x0000000708e00000| Untracked 
|  35|0x0000000709000000, 0x0000000709000000, 0x0000000709200000|  0%| F|  |TAMS 0x0000000709000000, 0x0000000709000000| Untracked 
|  36|0x0000000709200000, 0x0000000709200000, 0x0000000709400000|  0%| F|  |TAMS 0x0000000709200000, 0x0000000709200000| Untracked 
|  37|0x0000000709400000, 0x0000000709400000, 0x0000000709600000|  0%| F|  |TAMS 0x0000000709400000, 0x0000000709400000| Untracked 
|  38|0x0000000709600000, 0x0000000709600000, 0x0000000709800000|  0%| F|  |TAMS 0x0000000709600000, 0x0000000709600000| Untracked 
|  39|0x0000000709800000, 0x0000000709800000, 0x0000000709a00000|  0%| F|  |TAMS 0x0000000709800000, 0x0000000709800000| Untracked 
|  40|0x0000000709a00000, 0x0000000709a00000, 0x0000000709c00000|  0%| F|  |TAMS 0x0000000709a00000, 0x0000000709a00000| Untracked 
|  41|0x0000000709c00000, 0x0000000709c00000, 0x0000000709e00000|  0%| F|  |TAMS 0x0000000709c00000, 0x0000000709c00000| Untracked 
|  42|0x0000000709e00000, 0x0000000709e00000, 0x000000070a000000|  0%| F|  |TAMS 0x0000000709e00000, 0x0000000709e00000| Untracked 
|  43|0x000000070a000000, 0x000000070a000000, 0x000000070a200000|  0%| F|  |TAMS 0x000000070a000000, 0x000000070a000000| Untracked 
|  44|0x000000070a200000, 0x000000070a200000, 0x000000070a400000|  0%| F|  |TAMS 0x000000070a200000, 0x000000070a200000| Untracked 
|  45|0x000000070a400000, 0x000000070a400000, 0x000000070a600000|  0%| F|  |TAMS 0x000000070a400000, 0x000000070a400000| Untracked 
|  46|0x000000070a600000, 0x000000070a600000, 0x000000070a800000|  0%| F|  |TAMS 0x000000070a600000, 0x000000070a600000| Untracked 
|  47|0x000000070a800000, 0x000000070a800000, 0x000000070aa00000|  0%| F|  |TAMS 0x000000070a800000, 0x000000070a800000| Untracked 
|  48|0x000000070aa00000, 0x000000070aa00000, 0x000000070ac00000|  0%| F|  |TAMS 0x000000070aa00000, 0x000000070aa00000| Untracked 
|  49|0x000000070ac00000, 0x000000070ac00000, 0x000000070ae00000|  0%| F|  |TAMS 0x000000070ac00000, 0x000000070ac00000| Untracked 
|  50|0x000000070ae00000, 0x000000070ae00000, 0x000000070b000000|  0%| F|  |TAMS 0x000000070ae00000, 0x000000070ae00000| Untracked 
|  51|0x000000070b000000, 0x000000070b000000, 0x000000070b200000|  0%| F|  |TAMS 0x000000070b000000, 0x000000070b000000| Untracked 
|  52|0x000000070b200000, 0x000000070b200000, 0x000000070b400000|  0%| F|  |TAMS 0x000000070b200000, 0x000000070b200000| Untracked 
|  53|0x000000070b400000, 0x000000070b400000, 0x000000070b600000|  0%| F|  |TAMS 0x000000070b400000, 0x000000070b400000| Untracked 
|  54|0x000000070b600000, 0x000000070b600000, 0x000000070b800000|  0%| F|  |TAMS 0x000000070b600000, 0x000000070b600000| Untracked 
|  55|0x000000070b800000, 0x000000070b800000, 0x000000070ba00000|  0%| F|  |TAMS 0x000000070b800000, 0x000000070b800000| Untracked 
|  56|0x000000070ba00000, 0x000000070ba00000, 0x000000070bc00000|  0%| F|  |TAMS 0x000000070ba00000, 0x000000070ba00000| Untracked 
|  57|0x000000070bc00000, 0x000000070bc00000, 0x000000070be00000|  0%| F|  |TAMS 0x000000070bc00000, 0x000000070bc00000| Untracked 
|  58|0x000000070be00000, 0x000000070be00000, 0x000000070c000000|  0%| F|  |TAMS 0x000000070be00000, 0x000000070be00000| Untracked 
|  59|0x000000070c000000, 0x000000070c000000, 0x000000070c200000|  0%| F|  |TAMS 0x000000070c000000, 0x000000070c000000| Untracked 
|  60|0x000000070c200000, 0x000000070c200000, 0x000000070c400000|  0%| F|  |TAMS 0x000000070c200000, 0x000000070c200000| Untracked 
|  61|0x000000070c400000, 0x000000070c400000, 0x000000070c600000|  0%| F|  |TAMS 0x000000070c400000, 0x000000070c400000| Untracked 
|  62|0x000000070c600000, 0x000000070c600000, 0x000000070c800000|  0%| F|  |TAMS 0x000000070c600000, 0x000000070c600000| Untracked 
|  63|0x000000070c800000, 0x000000070c800000, 0x000000070ca00000|  0%| F|  |TAMS 0x000000070c800000, 0x000000070c800000| Untracked 
|  64|0x000000070ca00000, 0x000000070ca00000, 0x000000070cc00000|  0%| F|  |TAMS 0x000000070ca00000, 0x000000070ca00000| Untracked 
|  65|0x000000070cc00000, 0x000000070cc00000, 0x000000070ce00000|  0%| F|  |TAMS 0x000000070cc00000, 0x000000070cc00000| Untracked 
|  66|0x000000070ce00000, 0x000000070ce00000, 0x000000070d000000|  0%| F|  |TAMS 0x000000070ce00000, 0x000000070ce00000| Untracked 
|  67|0x000000070d000000, 0x000000070d000000, 0x000000070d200000|  0%| F|  |TAMS 0x000000070d000000, 0x000000070d000000| Untracked 
|  68|0x000000070d200000, 0x000000070d200000, 0x000000070d400000|  0%| F|  |TAMS 0x000000070d200000, 0x000000070d200000| Untracked 
|  69|0x000000070d400000, 0x000000070d400000, 0x000000070d600000|  0%| F|  |TAMS 0x000000070d400000, 0x000000070d400000| Untracked 
|  70|0x000000070d600000, 0x000000070d600000, 0x000000070d800000|  0%| F|  |TAMS 0x000000070d600000, 0x000000070d600000| Untracked 
|  71|0x000000070d800000, 0x000000070d800000, 0x000000070da00000|  0%| F|  |TAMS 0x000000070d800000, 0x000000070d800000| Untracked 
|  72|0x000000070da00000, 0x000000070da00000, 0x000000070dc00000|  0%| F|  |TAMS 0x000000070da00000, 0x000000070da00000| Untracked 
|  73|0x000000070dc00000, 0x000000070dc00000, 0x000000070de00000|  0%| F|  |TAMS 0x000000070dc00000, 0x000000070dc00000| Untracked 
|  74|0x000000070de00000, 0x000000070de00000, 0x000000070e000000|  0%| F|  |TAMS 0x000000070de00000, 0x000000070de00000| Untracked 
|  75|0x000000070e000000, 0x000000070e000000, 0x000000070e200000|  0%| F|  |TAMS 0x000000070e000000, 0x000000070e000000| Untracked 
|  76|0x000000070e200000, 0x000000070e200000, 0x000000070e400000|  0%| F|  |TAMS 0x000000070e200000, 0x000000070e200000| Untracked 
|  77|0x000000070e400000, 0x000000070e400000, 0x000000070e600000|  0%| F|  |TAMS 0x000000070e400000, 0x000000070e400000| Untracked 
|  78|0x000000070e600000, 0x000000070e600000, 0x000000070e800000|  0%| F|  |TAMS 0x000000070e600000, 0x000000070e600000| Untracked 
|  79|0x000000070e800000, 0x000000070e800000, 0x000000070ea00000|  0%| F|  |TAMS 0x000000070e800000, 0x000000070e800000| Untracked 
|  80|0x000000070ea00000, 0x000000070ea00000, 0x000000070ec00000|  0%| F|  |TAMS 0x000000070ea00000, 0x000000070ea00000| Untracked 
|  81|0x000000070ec00000, 0x000000070ec00000, 0x000000070ee00000|  0%| F|  |TAMS 0x000000070ec00000, 0x000000070ec00000| Untracked 
|  82|0x000000070ee00000, 0x000000070ee00000, 0x000000070f000000|  0%| F|  |TAMS 0x000000070ee00000, 0x000000070ee00000| Untracked 
|  83|0x000000070f000000, 0x000000070f000000, 0x000000070f200000|  0%| F|  |TAMS 0x000000070f000000, 0x000000070f000000| Untracked 
|  84|0x000000070f200000, 0x000000070f200000, 0x000000070f400000|  0%| F|  |TAMS 0x000000070f200000, 0x000000070f200000| Untracked 
|  85|0x000000070f400000, 0x000000070f400000, 0x000000070f600000|  0%| F|  |TAMS 0x000000070f400000, 0x000000070f400000| Untracked 
|  86|0x000000070f600000, 0x000000070f600000, 0x000000070f800000|  0%| F|  |TAMS 0x000000070f600000, 0x000000070f600000| Untracked 
|  87|0x000000070f800000, 0x000000070f800000, 0x000000070fa00000|  0%| F|  |TAMS 0x000000070f800000, 0x000000070f800000| Untracked 
|  88|0x000000070fa00000, 0x000000070fa00000, 0x000000070fc00000|  0%| F|  |TAMS 0x000000070fa00000, 0x000000070fa00000| Untracked 
|  89|0x000000070fc00000, 0x000000070fc00000, 0x000000070fe00000|  0%| F|  |TAMS 0x000000070fc00000, 0x000000070fc00000| Untracked 
|  90|0x000000070fe00000, 0x000000070fe00000, 0x0000000710000000|  0%| F|  |TAMS 0x000000070fe00000, 0x000000070fe00000| Untracked 
|  91|0x0000000710000000, 0x0000000710000000, 0x0000000710200000|  0%| F|  |TAMS 0x0000000710000000, 0x0000000710000000| Untracked 
|  92|0x0000000710200000, 0x0000000710200000, 0x0000000710400000|  0%| F|  |TAMS 0x0000000710200000, 0x0000000710200000| Untracked 
|  93|0x0000000710400000, 0x0000000710400000, 0x0000000710600000|  0%| F|  |TAMS 0x0000000710400000, 0x0000000710400000| Untracked 
|  94|0x0000000710600000, 0x0000000710600000, 0x0000000710800000|  0%| F|  |TAMS 0x0000000710600000, 0x0000000710600000| Untracked 
|  95|0x0000000710800000, 0x0000000710800000, 0x0000000710a00000|  0%| F|  |TAMS 0x0000000710800000, 0x0000000710800000| Untracked 
|  96|0x0000000710a00000, 0x0000000710a00000, 0x0000000710c00000|  0%| F|  |TAMS 0x0000000710a00000, 0x0000000710a00000| Untracked 
|  97|0x0000000710c00000, 0x0000000710e00000, 0x0000000710e00000|100%| E|  |TAMS 0x0000000710c00000, 0x0000000710c00000| Complete 
|  98|0x0000000710e00000, 0x0000000711000000, 0x0000000711000000|100%| E|CS|TAMS 0x0000000710e00000, 0x0000000710e00000| Complete 
|  99|0x0000000711000000, 0x0000000711200000, 0x0000000711200000|100%| E|CS|TAMS 0x0000000711000000, 0x0000000711000000| Complete 
| 100|0x0000000711200000, 0x0000000711400000, 0x0000000711400000|100%| E|CS|TAMS 0x0000000711200000, 0x0000000711200000| Complete 
| 101|0x0000000711400000, 0x0000000711600000, 0x0000000711600000|100%| E|CS|TAMS 0x0000000711400000, 0x0000000711400000| Complete 
| 102|0x0000000711600000, 0x0000000711800000, 0x0000000711800000|100%| E|CS|TAMS 0x0000000711600000, 0x0000000711600000| Complete 
| 103|0x0000000711800000, 0x0000000711a00000, 0x0000000711a00000|100%| E|CS|TAMS 0x0000000711800000, 0x0000000711800000| Complete 
| 104|0x0000000711a00000, 0x0000000711c00000, 0x0000000711c00000|100%| E|CS|TAMS 0x0000000711a00000, 0x0000000711a00000| Complete 
| 105|0x0000000711c00000, 0x0000000711e00000, 0x0000000711e00000|100%| E|CS|TAMS 0x0000000711c00000, 0x0000000711c00000| Complete 
| 106|0x0000000711e00000, 0x0000000712000000, 0x0000000712000000|100%| E|CS|TAMS 0x0000000711e00000, 0x0000000711e00000| Complete 
| 107|0x0000000712000000, 0x0000000712200000, 0x0000000712200000|100%| E|CS|TAMS 0x0000000712000000, 0x0000000712000000| Complete 
| 108|0x0000000712200000, 0x0000000712400000, 0x0000000712400000|100%| E|CS|TAMS 0x0000000712200000, 0x0000000712200000| Complete 
| 109|0x0000000712400000, 0x0000000712600000, 0x0000000712600000|100%| E|CS|TAMS 0x0000000712400000, 0x0000000712400000| Complete 
| 110|0x0000000712600000, 0x0000000712800000, 0x0000000712800000|100%| E|CS|TAMS 0x0000000712600000, 0x0000000712600000| Complete 
| 111|0x0000000712800000, 0x0000000712892310, 0x0000000712a00000| 28%| S|CS|TAMS 0x0000000712800000, 0x0000000712800000| Complete 
| 112|0x0000000712a00000, 0x0000000712c00000, 0x0000000712c00000|100%| E|CS|TAMS 0x0000000712a00000, 0x0000000712a00000| Complete 
| 113|0x0000000712c00000, 0x0000000712e00000, 0x0000000712e00000|100%| E|CS|TAMS 0x0000000712c00000, 0x0000000712c00000| Complete 
| 114|0x0000000712e00000, 0x0000000713000000, 0x0000000713000000|100%| E|CS|TAMS 0x0000000712e00000, 0x0000000712e00000| Complete 
| 115|0x0000000713000000, 0x0000000713200000, 0x0000000713200000|100%| E|CS|TAMS 0x0000000713000000, 0x0000000713000000| Complete 
| 116|0x0000000713200000, 0x0000000713400000, 0x0000000713400000|100%| E|CS|TAMS 0x0000000713200000, 0x0000000713200000| Complete 
| 117|0x0000000713400000, 0x0000000713600000, 0x0000000713600000|100%| E|CS|TAMS 0x0000000713400000, 0x0000000713400000| Complete 
| 118|0x0000000713600000, 0x0000000713800000, 0x0000000713800000|100%| E|CS|TAMS 0x0000000713600000, 0x0000000713600000| Complete 
| 119|0x0000000713800000, 0x0000000713a00000, 0x0000000713a00000|100%| E|CS|TAMS 0x0000000713800000, 0x0000000713800000| Complete 
| 120|0x0000000713a00000, 0x0000000713c00000, 0x0000000713c00000|100%| E|CS|TAMS 0x0000000713a00000, 0x0000000713a00000| Complete 
| 121|0x0000000713c00000, 0x0000000713e00000, 0x0000000713e00000|100%| E|CS|TAMS 0x0000000713c00000, 0x0000000713c00000| Complete 
| 122|0x0000000713e00000, 0x0000000714000000, 0x0000000714000000|100%| E|CS|TAMS 0x0000000713e00000, 0x0000000713e00000| Complete 
| 123|0x0000000714000000, 0x0000000714200000, 0x0000000714200000|100%| E|CS|TAMS 0x0000000714000000, 0x0000000714000000| Complete 
| 124|0x0000000714200000, 0x0000000714400000, 0x0000000714400000|100%| E|CS|TAMS 0x0000000714200000, 0x0000000714200000| Complete 
| 125|0x0000000714400000, 0x0000000714600000, 0x0000000714600000|100%| E|CS|TAMS 0x0000000714400000, 0x0000000714400000| Complete 

Card table byte_map: [0x000001d4afaa0000,0x000001d4b0280000] _byte_map_base: 0x000001d4ac27b000

Marking Bits (Prev, Next): (CMBitMap*) 0x000001d498204da0, (CMBitMap*) 0x000001d498204de0
 Prev Bits: [0x000001d4b0a60000, 0x000001d4b4938000)
 Next Bits: [0x000001d4b4940000, 0x000001d4b8818000)

Polling page: 0x000001d497970000

Metaspace:

Usage:
  Non-class:      7.91 MB used.
      Class:    962.30 KB used.
       Both:      8.85 MB used.

Virtual space:
  Non-class space:       64.00 MB reserved,       8.06 MB ( 13%) committed,  1 nodes.
      Class space:        1.00 GB reserved,       1.06 MB ( <1%) committed,  1 nodes.
             Both:        1.06 GB reserved,       9.12 MB ( <1%) committed. 

Chunk freelists:
   Non-Class:  7.30 MB
       Class:  14.86 MB
        Both:  22.16 MB

MaxMetaspaceSize: unlimited
CompressedClassSpaceSize: 1.00 GB
Initial GC threshold: 21.00 MB
Current GC threshold: 21.00 MB
CDS: on
MetaspaceReclaimPolicy: balanced
 - commit_granule_bytes: 65536.
 - commit_granule_words: 8192.
 - virtual_space_node_default_size: 8388608.
 - enlarge_chunks_in_place: 1.
 - new_chunks_are_fully_committed: 0.
 - uncommit_free_chunks: 1.
 - use_allocation_guard: 0.
 - handle_deallocations: 1.


Internal statistics:

num_allocs_failed_limit: 0.
num_arena_births: 106.
num_arena_deaths: 0.
num_vsnodes_births: 2.
num_vsnodes_deaths: 0.
num_space_committed: 146.
num_space_uncommitted: 0.
num_chunks_returned_to_freelist: 0.
num_chunks_taken_from_freelist: 386.
num_chunk_merges: 0.
num_chunk_splits: 242.
num_chunks_enlarged: 178.
num_purges: 0.
num_inconsistent_stats: 0.

CodeHeap 'non-profiled nmethods': size=119168Kb used=927Kb max_used=927Kb free=118240Kb
 bounds [0x000001d4a75e0000, 0x000001d4a7850000, 0x000001d4aea40000]
CodeHeap 'profiled nmethods': size=119104Kb used=4895Kb max_used=4895Kb free=114208Kb
 bounds [0x000001d49fa40000, 0x000001d49ff10000, 0x000001d4a6e90000]
CodeHeap 'non-nmethods': size=7488Kb used=2868Kb max_used=2938Kb free=4619Kb
 bounds [0x000001d4a6e90000, 0x000001d4a7180000, 0x000001d4a75e0000]
 total_blobs=2613 nmethods=2156 adapters=366
 compilation: enabled
              stopped_count=0, restarted_count=0
 full_count=0

Compilation events (20 events):
Event: 0.848 Thread 0x000001d4bbb4c430 2175       3       java.lang.Class::newReflectionData (66 bytes)
Event: 0.848 Thread 0x000001d4bbb4ee00 2176   !   3       java.lang.invoke.MethodHandles$Lookup::canBeCached (150 bytes)
Event: 0.848 Thread 0x000001d4bbb4c430 nmethod 2175 0x000001d49fef9d10 code [0x000001d49fef9f20, 0x000001d49fefa838]
Event: 0.849 Thread 0x000001d4bbb4ee00 nmethod 2176 0x000001d49fefab10 code [0x000001d49fefaf60, 0x000001d49fefd2e8]
Event: 0.851 Thread 0x000001d4bbb4ee00 2177       3       org.jacoco.agent.rt.internal_3570298.asm.SymbolTable::copyBootstrapMethods (259 bytes)
Event: 0.852 Thread 0x000001d4bbb4ee00 nmethod 2177 0x000001d49fefde90 code [0x000001d49fefe180, 0x000001d49fefeff8]
Event: 0.854 Thread 0x000001d4fdbfef40 nmethod 2152 0x000001d4a76c3c90 code [0x000001d4a76c3f60, 0x000001d4a76c52d8]
Event: 0.855 Thread 0x000001d4fdbfef40 2173       4       java.lang.String::equals (56 bytes)
Event: 0.855 Thread 0x000001d4fdbfef40 nmethod 2173 0x000001d4a76c6290 code [0x000001d4a76c6400, 0x000001d4a76c65d8]
Event: 0.855 Thread 0x000001d4fdbfef40 2155       4       java.util.regex.Matcher::reset (128 bytes)
Event: 0.857 Thread 0x000001d4bbb4ee00 2178       3       org.jacoco.agent.rt.internal_3570298.asm.tree.AnnotationNode::accept (134 bytes)
Event: 0.857 Thread 0x000001d4bbb4ee00 nmethod 2178 0x000001d49feff710 code [0x000001d49feff9c0, 0x000001d49ff00a48]
Event: 0.858 Thread 0x000001d4bbb4ee00 2179       3       org.springframework.core.annotation.AttributeMethods::size (15 bytes)
Event: 0.858 Thread 0x000001d4bbb47e60 2180       3       org.springframework.util.ConcurrentReferenceHashMap$SoftEntryReference::$jacocoInit (52 bytes)
Event: 0.858 Thread 0x000001d4bba17490 2181   !   3       jdk.proxy2.$Proxy5::annotationType (29 bytes)
Event: 0.858 Thread 0x000001d4bbb4ee00 nmethod 2179 0x000001d49ff00d90 code [0x000001d49ff00f40, 0x000001d49ff010c8]
Event: 0.859 Thread 0x000001d4bbb4ee00 2182       3       org.springframework.core.annotation.AnnotationsScanner::$jacocoInit (54 bytes)
Event: 0.859 Thread 0x000001d4bba17490 nmethod 2181 0x000001d49ff01210 code [0x000001d49ff013e0, 0x000001d49ff017d8]
Event: 0.859 Thread 0x000001d4bbb47e60 nmethod 2180 0x000001d49ff01990 code [0x000001d49ff01ba0, 0x000001d49ff02578]
Event: 0.859 Thread 0x000001d4bbb4ee00 nmethod 2182 0x000001d49ff02790 code [0x000001d49ff029c0, 0x000001d49ff03518]

GC Heap History (4 events):
Event: 0.285 GC heap before
{Heap before GC invocations=0 (full 0):
 garbage-first heap   total 258048K, used 22528K [0x0000000704a00000, 0x0000000800000000)
  region size 2048K, 11 young (22528K), 0 survivors (0K)
 Metaspace       used 3117K, committed 3200K, reserved 1114112K
  class space    used 281K, committed 320K, reserved 1048576K
}
Event: 0.288 GC heap after
{Heap after GC invocations=1 (full 0):
 garbage-first heap   total 258048K, used 7085K [0x0000000704a00000, 0x0000000800000000)
  region size 2048K, 2 young (4096K), 2 survivors (4096K)
 Metaspace       used 3117K, committed 3200K, reserved 1114112K
  class space    used 281K, committed 320K, reserved 1048576K
}
Event: 0.453 GC heap before
{Heap before GC invocations=1 (full 0):
 garbage-first heap   total 258048K, used 31661K [0x0000000704a00000, 0x0000000800000000)
  region size 2048K, 14 young (28672K), 2 survivors (4096K)
 Metaspace       used 4956K, committed 5120K, reserved 1114112K
  class space    used 470K, committed 512K, reserved 1048576K
}
Event: 0.456 GC heap after
{Heap after GC invocations=2 (full 0):
 garbage-first heap   total 258048K, used 7645K [0x0000000704a00000, 0x0000000800000000)
  region size 2048K, 1 young (2048K), 1 survivors (2048K)
 Metaspace       used 4956K, committed 5120K, reserved 1114112K
  class space    used 470K, committed 512K, reserved 1048576K
}

Deoptimization events (20 events):
Event: 0.827 Thread 0x000001d498197af0 Uncommon trap: trap_request=0xffffffde fr.pc=0x000001d4a75eb72c relative=0x00000000000001ac
Event: 0.827 Thread 0x000001d498197af0 Uncommon trap: reason=class_check action=maybe_recompile pc=0x000001d4a75eb72c method=java.lang.String.equals(Ljava/lang/Object;)Z @ 8 c2
Event: 0.827 Thread 0x000001d498197af0 DEOPT PACKING pc=0x000001d4a75eb72c sp=0x000000a2da0fd3d0
Event: 0.827 Thread 0x000001d498197af0 DEOPT UNPACKING pc=0x000001d4a6ee5ba3 sp=0x000000a2da0fd378 mode 2
Event: 0.833 Thread 0x000001d498197af0 Uncommon trap: trap_request=0xffffffde fr.pc=0x000001d4a75eb72c relative=0x00000000000001ac
Event: 0.833 Thread 0x000001d498197af0 Uncommon trap: reason=class_check action=maybe_recompile pc=0x000001d4a75eb72c method=java.lang.String.equals(Ljava/lang/Object;)Z @ 8 c2
Event: 0.833 Thread 0x000001d498197af0 DEOPT PACKING pc=0x000001d4a75eb72c sp=0x000000a2da0fd3d0
Event: 0.833 Thread 0x000001d498197af0 DEOPT UNPACKING pc=0x000001d4a6ee5ba3 sp=0x000000a2da0fd378 mode 2
Event: 0.833 Thread 0x000001d498197af0 Uncommon trap: trap_request=0xffffffde fr.pc=0x000001d4a75eb72c relative=0x00000000000001ac
Event: 0.833 Thread 0x000001d498197af0 Uncommon trap: reason=class_check action=maybe_recompile pc=0x000001d4a75eb72c method=java.lang.String.equals(Ljava/lang/Object;)Z @ 8 c2
Event: 0.833 Thread 0x000001d498197af0 DEOPT PACKING pc=0x000001d4a75eb72c sp=0x000000a2da0fd3d0
Event: 0.833 Thread 0x000001d498197af0 DEOPT UNPACKING pc=0x000001d4a6ee5ba3 sp=0x000000a2da0fd378 mode 2
Event: 0.837 Thread 0x000001d498197af0 Uncommon trap: trap_request=0xffffffde fr.pc=0x000001d4a75eb72c relative=0x00000000000001ac
Event: 0.837 Thread 0x000001d498197af0 Uncommon trap: reason=class_check action=maybe_recompile pc=0x000001d4a75eb72c method=java.lang.String.equals(Ljava/lang/Object;)Z @ 8 c2
Event: 0.837 Thread 0x000001d498197af0 DEOPT PACKING pc=0x000001d4a75eb72c sp=0x000000a2da0fd2e0
Event: 0.837 Thread 0x000001d498197af0 DEOPT UNPACKING pc=0x000001d4a6ee5ba3 sp=0x000000a2da0fd288 mode 2
Event: 0.856 Thread 0x000001d498197af0 Uncommon trap: trap_request=0xffffffbe fr.pc=0x000001d4a76c4d00 relative=0x0000000000000da0
Event: 0.856 Thread 0x000001d498197af0 Uncommon trap: reason=profile_predicate action=maybe_recompile pc=0x000001d4a76c4d00 method=org.jacoco.agent.rt.internal_3570298.asm.MethodWriter.putFrame()V @ 253 c2
Event: 0.856 Thread 0x000001d498197af0 DEOPT PACKING pc=0x000001d4a76c4d00 sp=0x000000a2da0fad00
Event: 0.856 Thread 0x000001d498197af0 DEOPT UNPACKING pc=0x000001d4a6ee5ba3 sp=0x000000a2da0fac80 mode 2

Classes unloaded (0 events):
No events

Classes redefined (0 events):
No events

Internal exceptions (20 events):
Event: 0.520 Thread 0x000001d498197af0 Exception <a 'java/lang/NoSuchMethodError'{0x0000000713dac8e8}: 'void java.lang.invoke.DirectMethodHandle$Holder.invokeInterface(java.lang.Object, java.lang.Object, java.lang.Object)'> (0x0000000713dac8e8) 
thrown [s\open\src\hotspot\share\interpreter\linkResolver.cpp, line 759]
Event: 0.525 Thread 0x000001d498197af0 Exception <a 'java/lang/NoSuchMethodError'{0x0000000713a99fc8}: 'java.lang.Object java.lang.invoke.DirectMethodHandle$Holder.newInvokeSpecial(java.lang.Object, java.lang.Object, java.lang.Object, java.lang.Object, java.lang.Object, java.lang.Object)'> (0x0000000713a99fc8) 
thrown [s\open\src\hotspot\share\interpreter\linkResolver.cpp, line 759]
Event: 0.532 Thread 0x000001d498197af0 Exception <a 'java/lang/NoSuchMethodError'{0x0000000713b9d8b0}: 'void java.lang.invoke.DirectMethodHandle$Holder.invokeInterface(java.lang.Object, java.lang.Object, java.lang.Object, java.lang.Object, java.lang.Object)'> (0x0000000713b9d8b0) 
thrown [s\open\src\hotspot\share\interpreter\linkResolver.cpp, line 759]
Event: 0.532 Thread 0x000001d498197af0 Exception <a 'java/lang/IncompatibleClassChangeError'{0x0000000713ba1580}: Found class java.lang.Object, but interface was expected> (0x0000000713ba1580) 
thrown [s\open\src\hotspot\share\interpreter\linkResolver.cpp, line 826]
Event: 0.537 Thread 0x000001d498197af0 Exception <a 'java/lang/IncompatibleClassChangeError'{0x0000000713809140}: Found class java.lang.Object, but interface was expected> (0x0000000713809140) 
thrown [s\open\src\hotspot\share\interpreter\linkResolver.cpp, line 826]
Event: 0.540 Thread 0x000001d498197af0 Exception <a 'java/lang/NoSuchMethodError'{0x000000071383f080}: 'java.lang.Object java.lang.invoke.DirectMethodHandle$Holder.invokeStatic(java.lang.Object, java.lang.Object, int)'> (0x000000071383f080) 
thrown [s\open\src\hotspot\share\interpreter\linkResolver.cpp, line 759]
Event: 0.546 Thread 0x000001d498197af0 Exception <a 'java/lang/NoSuchMethodError'{0x00000007138d4978}: 'void java.lang.invoke.DirectMethodHandle$Holder.invokeSpecial(java.lang.Object, java.lang.Object, java.lang.Object, java.lang.Object, java.lang.Object)'> (0x00000007138d4978) 
thrown [s\open\src\hotspot\share\interpreter\linkResolver.cpp, line 759]
Event: 0.569 Thread 0x000001d498197af0 Exception <a 'java/lang/NoSuchMethodError'{0x00000007136df7e8}: 'void java.lang.invoke.DirectMethodHandle$Holder.invokeInterface(java.lang.Object, java.lang.Object, java.lang.Object, java.lang.Object)'> (0x00000007136df7e8) 
thrown [s\open\src\hotspot\share\interpreter\linkResolver.cpp, line 759]
Event: 0.569 Thread 0x000001d498197af0 Exception <a 'java/lang/IncompatibleClassChangeError'{0x00000007136e2c70}: Found class java.lang.Object, but interface was expected> (0x00000007136e2c70) 
thrown [s\open\src\hotspot\share\interpreter\linkResolver.cpp, line 826]
Event: 0.581 Thread 0x000001d498197af0 Exception <a 'java/lang/NoSuchMethodError'{0x000000071345e4e8}: 'int java.lang.invoke.DirectMethodHandle$Holder.invokeStatic(java.lang.Object, java.lang.Object, java.lang.Object, java.lang.Object)'> (0x000000071345e4e8) 
thrown [s\open\src\hotspot\share\interpreter\linkResolver.cpp, line 759]
Event: 0.581 Thread 0x000001d498197af0 Exception <a 'java/lang/NoSuchMethodError'{0x0000000713461e68}: 'java.lang.Object java.lang.invoke.Invokers$Holder.invokeExact_MT(java.lang.Object, java.lang.Object, java.lang.Object, java.lang.Object, java.lang.Object, java.lang.Object)'> (0x0000000713461e68) 
thrown [s\open\src\hotspot\share\interpreter\linkResolver.cpp, line 759]
Event: 0.583 Thread 0x000001d498197af0 Exception <a 'java/lang/NoSuchMethodError'{0x0000000713472008}: 'int java.lang.invoke.DirectMethodHandle$Holder.invokeStatic(java.lang.Object, java.lang.Object, java.lang.Object, java.lang.Object, java.lang.Object)'> (0x0000000713472008) 
thrown [s\open\src\hotspot\share\interpreter\linkResolver.cpp, line 759]
Event: 0.594 Thread 0x000001d498197af0 Exception <a 'java/lang/NoSuchMethodError'{0x000000071354ec68}: 'void java.lang.invoke.DirectMethodHandle$Holder.invokeStaticInit(java.lang.Object)'> (0x000000071354ec68) 
thrown [s\open\src\hotspot\share\interpreter\linkResolver.cpp, line 759]
Event: 0.620 Thread 0x000001d498197af0 Exception <a 'java/lang/NoSuchMethodError'{0x00000007130a9eb0}: 'int java.lang.invoke.DirectMethodHandle$Holder.invokeStaticInit(java.lang.Object, java.lang.Object)'> (0x00000007130a9eb0) 
thrown [s\open\src\hotspot\share\interpreter\linkResolver.cpp, line 759]
Event: 0.717 Thread 0x000001d498197af0 Exception <a 'java/lang/ClassNotFoundException'{0x00000007125f5aa8}: javax/smartcardio/CardPermission> (0x00000007125f5aa8) 
thrown [s\open\src\hotspot\share\classfile\systemDictionary.cpp, line 256]
Event: 0.720 Thread 0x000001d498197af0 Exception <a 'java/io/FileNotFoundException'{0x0000000712207798}> (0x0000000712207798) 
thrown [s\open\src\hotspot\share\prims\jni.cpp, line 516]
Event: 0.765 Thread 0x000001d498197af0 Exception <a 'java/lang/NoSuchMethodError'{0x0000000711c99358}: 'org.slf4j.impl.StaticMDCBinder org.slf4j.impl.StaticMDCBinder.getSingleton()'> (0x0000000711c99358) 
thrown [s\open\src\hotspot\share\interpreter\linkResolver.cpp, line 759]
Event: 0.781 Thread 0x000001d498197af0 Exception <a 'java/lang/IncompatibleClassChangeError'{0x0000000711afb8e8}: Found class java.lang.Object, but interface was expected> (0x0000000711afb8e8) 
thrown [s\open\src\hotspot\share\interpreter\linkResolver.cpp, line 826]
Event: 0.803 Thread 0x000001d498197af0 Exception <a 'java/lang/NoSuchMethodError'{0x00000007116c1008}: 'int java.lang.invoke.DirectMethodHandle$Holder.invokeStaticInit(java.lang.Object, java.lang.Object, java.lang.Object)'> (0x00000007116c1008) 
thrown [s\open\src\hotspot\share\interpreter\linkResolver.cpp, line 759]
Event: 0.836 Thread 0x000001d498197af0 Exception <a 'java/lang/NoSuchMethodError'{0x00000007113e6878}: 'int java.lang.invoke.DirectMethodHandle$Holder.invokeInterface(java.lang.Object, java.lang.Object)'> (0x00000007113e6878) 
thrown [s\open\src\hotspot\share\interpreter\linkResolver.cpp, line 759]

VM Operations (20 events):
Event: 0.285 Executing VM operation: G1CollectForAllocation
Event: 0.288 Executing VM operation: G1CollectForAllocation done
Event: 0.346 Executing VM operation: HandshakeAllThreads
Event: 0.346 Executing VM operation: HandshakeAllThreads done
Event: 0.346 Executing VM operation: HandshakeAllThreads
Event: 0.346 Executing VM operation: HandshakeAllThreads done
Event: 0.378 Executing VM operation: HandshakeAllThreads
Event: 0.378 Executing VM operation: HandshakeAllThreads done
Event: 0.435 Executing VM operation: ICBufferFull
Event: 0.435 Executing VM operation: ICBufferFull done
Event: 0.453 Executing VM operation: G1CollectForAllocation
Event: 0.456 Executing VM operation: G1CollectForAllocation done
Event: 0.462 Executing VM operation: HandshakeAllThreads
Event: 0.462 Executing VM operation: HandshakeAllThreads done
Event: 0.703 Executing VM operation: ICBufferFull
Event: 0.703 Executing VM operation: ICBufferFull done
Event: 0.780 Executing VM operation: HandshakeAllThreads
Event: 0.780 Executing VM operation: HandshakeAllThreads done
Event: 0.840 Executing VM operation: HandshakeAllThreads
Event: 0.840 Executing VM operation: HandshakeAllThreads done

Events (20 events):
Event: 0.754 loading class java/util/IdentityHashMap$EntrySet
Event: 0.754 loading class java/util/IdentityHashMap$EntrySet done
Event: 0.754 loading class java/util/IdentityHashMap$EntryIterator
Event: 0.754 loading class java/util/IdentityHashMap$EntryIterator done
Event: 0.754 loading class java/util/IdentityHashMap$EntryIterator$Entry
Event: 0.754 loading class java/util/IdentityHashMap$EntryIterator$Entry done
Event: 0.754 loading class java/util/IdentityHashMap$ValueIterator
Event: 0.754 loading class java/util/IdentityHashMap$ValueIterator done
Event: 0.754 loading class java/io/Externalizable
Event: 0.754 loading class java/io/Externalizable done
Event: 0.785 loading class java/util/concurrent/ConcurrentLinkedDeque
Event: 0.785 loading class java/util/concurrent/ConcurrentLinkedDeque done
Event: 0.785 loading class java/util/concurrent/ConcurrentLinkedDeque$Node
Event: 0.785 loading class java/util/concurrent/ConcurrentLinkedDeque$Node done
Event: 0.848 loading class java/util/AbstractList$ListItr
Event: 0.848 loading class java/util/AbstractList$Itr
Event: 0.848 loading class java/util/AbstractList$Itr done
Event: 0.848 loading class java/util/AbstractList$ListItr done
Event: 0.855 loading class java/lang/ThreadLocal$SuppliedThreadLocal
Event: 0.855 loading class java/lang/ThreadLocal$SuppliedThreadLocal done


Dynamic libraries:
0x00007ff70b870000 - 0x00007ff70b880000 	C:\Program Files\Java\jdk-17\bin\java.exe
0x00007ffd9dad0000 - 0x00007ffd9dcc8000 	C:\Windows\SYSTEM32\ntdll.dll
0x00007ffd9c960000 - 0x00007ffd9ca22000 	C:\Windows\System32\KERNEL32.DLL
0x00007ffd9b510000 - 0x00007ffd9b80e000 	C:\Windows\System32\KERNELBASE.dll
0x00007ffd9b220000 - 0x00007ffd9b320000 	C:\Windows\System32\ucrtbase.dll
0x00007ffd62260000 - 0x00007ffd62279000 	C:\Program Files\Java\jdk-17\bin\jli.dll
0x00007ffd62240000 - 0x00007ffd6225b000 	C:\Program Files\Java\jdk-17\bin\VCRUNTIME140.dll
0x00007ffd9cd80000 - 0x00007ffd9ce31000 	C:\Windows\System32\ADVAPI32.dll
0x00007ffd9c790000 - 0x00007ffd9c82e000 	C:\Windows\System32\msvcrt.dll
0x00007ffd9ce40000 - 0x00007ffd9cedf000 	C:\Windows\System32\sechost.dll
0x00007ffd9c830000 - 0x00007ffd9c953000 	C:\Windows\System32\RPCRT4.dll
0x00007ffd9bac0000 - 0x00007ffd9bae7000 	C:\Windows\System32\bcrypt.dll
0x00007ffd9c0a0000 - 0x00007ffd9c23d000 	C:\Windows\System32\USER32.dll
0x00007ffd9b4e0000 - 0x00007ffd9b502000 	C:\Windows\System32\win32u.dll
0x00007ffd9cb50000 - 0x00007ffd9cb7b000 	C:\Windows\System32\GDI32.dll
0x00007ffd87e70000 - 0x00007ffd8810a000 	C:\Windows\WinSxS\amd64_microsoft.windows.common-controls_6595b64144ccf1df_6.0.19041.4355_none_60b8b9eb71f62e16\COMCTL32.dll
0x00007ffd9b3c0000 - 0x00007ffd9b4d7000 	C:\Windows\System32\gdi32full.dll
0x00007ffd9b320000 - 0x00007ffd9b3bd000 	C:\Windows\System32\msvcp_win.dll
0x00007ffd954b0000 - 0x00007ffd954ba000 	C:\Windows\SYSTEM32\VERSION.dll
0x00007ffd9cba0000 - 0x00007ffd9cbcf000 	C:\Windows\System32\IMM32.DLL
0x00007ffd64dc0000 - 0x00007ffd64dcc000 	C:\Program Files\Java\jdk-17\bin\vcruntime140_1.dll
0x00007ffd41fd0000 - 0x00007ffd4205e000 	C:\Program Files\Java\jdk-17\bin\msvcp140.dll
0x00007ffd052a0000 - 0x00007ffd05e7e000 	C:\Program Files\Java\jdk-17\bin\server\jvm.dll
0x00007ffd9d170000 - 0x00007ffd9d178000 	C:\Windows\System32\PSAPI.DLL
0x00007ffd93140000 - 0x00007ffd93149000 	C:\Windows\SYSTEM32\WSOCK32.dll
0x00007ffd84ff0000 - 0x00007ffd85017000 	C:\Windows\SYSTEM32\WINMM.dll
0x00007ffd9ccb0000 - 0x00007ffd9cd1b000 	C:\Windows\System32\WS2_32.dll
0x00007ffd99980000 - 0x00007ffd99992000 	C:\Windows\SYSTEM32\kernel.appcore.dll
0x00007ffd5f500000 - 0x00007ffd5f50a000 	C:\Program Files\Java\jdk-17\bin\jimage.dll
0x00007ffd98ec0000 - 0x00007ffd990a4000 	C:\Windows\SYSTEM32\DBGHELP.DLL
0x00007ffd65750000 - 0x00007ffd65784000 	C:\Windows\SYSTEM32\dbgcore.DLL
0x00007ffd9b880000 - 0x00007ffd9b902000 	C:\Windows\System32\bcryptPrimitives.dll
0x00007ffd96480000 - 0x00007ffd9648e000 	C:\Program Files\Java\jdk-17\bin\instrument.dll
0x00007ffd5f090000 - 0x00007ffd5f0b5000 	C:\Program Files\Java\jdk-17\bin\java.dll
0x00007ffd3fa10000 - 0x00007ffd3fae7000 	C:\Program Files\Java\jdk-17\bin\jsvml.dll
0x00007ffd9d290000 - 0x00007ffd9d9fd000 	C:\Windows\System32\SHELL32.dll
0x00007ffd99190000 - 0x00007ffd99934000 	C:\Windows\SYSTEM32\windows.storage.dll
0x00007ffd9bd40000 - 0x00007ffd9c093000 	C:\Windows\System32\combase.dll
0x00007ffd9aac0000 - 0x00007ffd9aaee000 	C:\Windows\SYSTEM32\Wldp.dll
0x00007ffd9c240000 - 0x00007ffd9c30d000 	C:\Windows\System32\OLEAUT32.dll
0x00007ffd9d180000 - 0x00007ffd9d22d000 	C:\Windows\System32\SHCORE.dll
0x00007ffd9d230000 - 0x00007ffd9d285000 	C:\Windows\System32\shlwapi.dll
0x00007ffd9b0a0000 - 0x00007ffd9b0c4000 	C:\Windows\SYSTEM32\profapi.dll
0x00007ffd5dcf0000 - 0x00007ffd5dd08000 	C:\Program Files\Java\jdk-17\bin\zip.dll
0x00007ffd5f070000 - 0x00007ffd5f089000 	C:\Program Files\Java\jdk-17\bin\net.dll
0x00007ffd92c90000 - 0x00007ffd92d9d000 	C:\Windows\SYSTEM32\WINHTTP.dll
0x00007ffd9a8a0000 - 0x00007ffd9a90a000 	C:\Windows\system32\mswsock.dll
0x00007ffd5e8a0000 - 0x00007ffd5e8b6000 	C:\Program Files\Java\jdk-17\bin\nio.dll
0x00007ffd48700000 - 0x00007ffd48710000 	C:\Program Files\Java\jdk-17\bin\verify.dll
0x00007ffd6c970000 - 0x00007ffd6c987000 	C:\Windows\system32\napinsp.dll
0x00007ffd6c780000 - 0x00007ffd6c79b000 	C:\Windows\system32\pnrpnsp.dll
0x00007ffd958c0000 - 0x00007ffd958d5000 	C:\Windows\system32\wshbth.dll
0x00007ffd96140000 - 0x00007ffd9615d000 	C:\Windows\system32\NLAapi.dll
0x00007ffd9a550000 - 0x00007ffd9a58b000 	C:\Windows\SYSTEM32\IPHLPAPI.DLL
0x00007ffd9a590000 - 0x00007ffd9a65a000 	C:\Windows\SYSTEM32\DNSAPI.dll
0x00007ffd9baf0000 - 0x00007ffd9baf8000 	C:\Windows\System32\NSI.dll
0x00007ffd6c4c0000 - 0x00007ffd6c4d2000 	C:\Windows\System32\winrnr.dll
0x00007ffd94d10000 - 0x00007ffd94d1a000 	C:\Windows\System32\rasadhlp.dll
0x00007ffd8d360000 - 0x00007ffd8d3e0000 	C:\Windows\System32\fwpuclnt.dll
0x00007ffd96460000 - 0x00007ffd9646a000 	C:\Program Files\Java\jdk-17\bin\management.dll
0x00007ffd96360000 - 0x00007ffd9636b000 	C:\Program Files\Java\jdk-17\bin\management_ext.dll

dbghelp: loaded successfully - version: 4.0.5 - missing functions: none
symbol engine: initialized successfully - sym options: 0x614 - pdb path: .;C:\Program Files\Java\jdk-17\bin;C:\Windows\SYSTEM32;C:\Windows\WinSxS\amd64_microsoft.windows.common-controls_6595b64144ccf1df_6.0.19041.4355_none_60b8b9eb71f62e16;C:\Program Files\Java\jdk-17\bin\server

VM Arguments:
jvm_args: -javaagent:C:\\Users\\OMAR INFO\\.m2\\repository\\org\\jacoco\\org.jacoco.agent\\0.8.7\\org.jacoco.agent-0.8.7-runtime.jar=destfile=C:\\Users\\OMAR INFO\\Downloads\\Devops-main\\target\\jacoco.exec 
java_command: C:\Users\OMARIN~1\AppData\Local\Temp\surefire16543036344682793187\surefirebooter2221653218066217397.jar C:\Users\OMAR INFO\AppData\Local\Temp\surefire16543036344682793187 2024-11-06T03-08-08_854-jvmRun1 surefire10389685758721939120tmp surefire_012783129795027811505tmp
java_class_path (initial): C:\Users\OMARIN~1\AppData\Local\Temp\surefire16543036344682793187\surefirebooter2221653218066217397.jar
Launcher Type: SUN_STANDARD

[Global flags]
     intx CICompilerCount                          = 12                                        {product} {ergonomic}
     uint ConcGCThreads                            = 3                                         {product} {ergonomic}
     uint G1ConcRefinementThreads                  = 13                                        {product} {ergonomic}
   size_t G1HeapRegionSize                         = 2097152                                   {product} {ergonomic}
    uintx GCDrainStackTargetSize                   = 64                                        {product} {ergonomic}
   size_t InitialHeapSize                          = 264241152                                 {product} {ergonomic}
   size_t MarkStackSize                            = 4194304                                   {product} {ergonomic}
   size_t MaxHeapSize                              = 4217372672                                {product} {ergonomic}
   size_t MaxNewSize                               = 2529165312                                {product} {ergonomic}
   size_t MinHeapDeltaBytes                        = 2097152                                   {product} {ergonomic}
   size_t MinHeapSize                              = 8388608                                   {product} {ergonomic}
    uintx NonNMethodCodeHeapSize                   = 7602480                                {pd product} {ergonomic}
    uintx NonProfiledCodeHeapSize                  = 122027880                              {pd product} {ergonomic}
    uintx ProfiledCodeHeapSize                     = 122027880                              {pd product} {ergonomic}
    uintx ReservedCodeCacheSize                    = 251658240                              {pd product} {ergonomic}
     bool SegmentedCodeCache                       = true                                      {product} {ergonomic}
   size_t SoftMaxHeapSize                          = 4217372672                             {manageable} {ergonomic}
     bool UseCompressedClassPointers               = true                           {product lp64_product} {ergonomic}
     bool UseCompressedOops                        = true                           {product lp64_product} {ergonomic}
     bool UseG1GC                                  = true                                      {product} {ergonomic}
     bool UseLargePagesIndividualAllocation        = false                                  {pd product} {ergonomic}

Logging:
Log output configuration:
 #0: stdout all=warning uptime,level,tags
 #1: stderr all=off uptime,level,tags

Environment Variables:
PATH=C:\oraclexe\app\oracle\product\10.2.0\server\bin;C:\ProgramData\Oracle\Java\javapath;C:\Program Files\Common Files\Oracle\Java\javapath;C:\Python312\Scripts\;C:\Python312\;C:\Program Files (x86)\VMware\VMware Workstation\bin\;C:\Windows\system32;C:\Windows;C:\Windows\System32\Wbem;C:\Windows\System32\WindowsPowerShell\v1.0\;C:\Windows\System32\OpenSSH\;C:\Program Files\Microsoft SQL Server\150\Tools\Binn\;C:\Program Files\Microsoft SQL Server\Client SDK\ODBC\170\Tools\Binn\;C:\Program Files\dotnet\;C:\Program Files\NVIDIA Corporation\NVIDIA NvDLISR;C:\ProgramData\chocolatey\bin;C:\Program Files (x86)\Microsoft SQL Server\110\Tools\Binn\;C:\Program Files (x86)\Microsoft SQL Server\110\DTS\Binn\;C:\Program Files (x86)\Microsoft SQL Server\110\Tools\Binn\ManagementStudio\;C:\Program Files (x86)\Microsoft Visual Studio 10.0\Common7\IDE\PrivateAssemblies\;C:\Program Files (x86)\NVIDIA Corporation\PhysX\Common;C:\Program Files\nodejs\;C:\Program Files\Git\cmd;C:\Program Files\Git LFS;C:\Program Files\Docker\Docker\resources\bin;C:\Program Files\Vagrant\bin;C:\Users\OMAR INFO\AppData\Local\Microsoft\WindowsApps;C:\Users\OMAR INFO\.dotnet\tools;C:\Program Files\JetBrains\IntelliJ IDEA 2023.2.1\bin;;C:\Users\OMAR INFO\AppData\Local\Programs\Microsoft VS Code\bin;C:\Users\OMAR INFO\AppData\Roaming\npm;C:\Users\OMAR INFO\AppData\Local\GitHubDesktop\bin
USERNAME=OMAR INFO
OS=Windows_NT
PROCESSOR_IDENTIFIER=Intel64 Family 6 Model 141 Stepping 1, GenuineIntel



---------------  S Y S T E M  ---------------

OS:
 Windows 10 , 64 bit Build 19041 (10.0.19041.5072)
OS uptime: 0 days 2:21 hours
Hyper-V role detected

CPU: total 16 (initial active 16) (8 cores per cpu, 2 threads per core) family 6 model 141 stepping 1 microcode 0x26, cx8, cmov, fxsr, ht, mmx, 3dnowpref, sse, sse2, sse3, ssse3, sse4.1, sse4.2, popcnt, lzcnt, tsc, tscinvbit, avx, avx2, aes, erms, clmul, bmi1, bmi2, adx, avx512f, avx512dq, avx512cd, avx512bw, avx512vl, sha, fma, vzeroupper, avx512_vpopcntdq, avx512_vpclmulqdq, avx512_vaes, avx512_vnni, clflush, clflushopt, clwb, avx512_vbmi2, avx512_vbmi, hv

Memory: 4k page, system-wide physical 16085M (598M free)
TotalPageFile size 23385M (AvailPageFile size 6M)
current process WorkingSet (physical memory assigned to process): 165M, peak: 165M
current process commit charge ("private bytes"): 413M, peak: 415M

vm_info: Java HotSpot(TM) 64-Bit Server VM (17.0.8+9-LTS-211) for windows-amd64 JRE (17.0.8+9-LTS-211), built on Jun 14 2023 10:34:31 by "mach5one" with MS VC++ 17.1 (VS2022)

END.
